2025-07-31T14:28:53+03:00 XiaoQiang kernel: wifi_log: [RECV-AUTH] - if="wl0", sta_mac="0a:39:38:b8:27:b5", bssid="44:df:65:67:89:2e", action="recv-auth", rssi="-78", status="0"
2025-07-31T14:28:53+03:00 XiaoQiang kernel: wifi_log: [MLME-AUTH] - if="wl0", sta_mac="0a:39:38:b8:27:b5", bssid="44:df:65:67:89:2e", action="mlme-auth", status="0"
2025-07-31T14:28:53+03:00 XiaoQiang kernel: wifi_log: [RECV-ASSOC] - if="wl0", sta_mac="0a:39:38:b8:27:b5", bssid="44:df:65:67:89:2e", action="recv-assoc", rssi="-79"
2025-07-31T14:28:53+03:00 XiaoQiang kernel: wifi_log: [MLME-ASSOC] - if="wl0", sta_mac="0a:39:38:b8:27:b5", bssid="44:df:65:67:89:2e", action="mlme-assoc", status="0"
2025-07-31T14:28:54+03:00 XiaoQiang kernel: wifi_log: [SEND-EAPOL-1/4] - if="wl0", sta_mac="0a:39:38:b8:27:b5", bssid="44:df:65:67:89:2e", action="send-eapol"
2025-07-31T14:28:54+03:00 XiaoQiang kernel: wifi_log: [RECV-EAPOL-2/4] - if="wl0", sta_mac="0a:39:38:b8:27:b5", bssid="44:df:65:67:89:2e", action="recv-eapol"
2025-07-31T14:28:54+03:00 XiaoQiang kernel: wifi_log: [SEND-EAPOL-3/4] - if="wl0", sta_mac="0a:39:38:b8:27:b5", bssid="44:df:65:67:89:2e", action="send-eapol"
2025-07-31T14:28:54+03:00 XiaoQiang kernel: wifi_log: [RECV-EAPOL-4/4] - if="wl0", sta_mac="0a:39:38:b8:27:b5", bssid="44:df:65:67:89:2e", action="recv-eapol"
2025-07-31T14:28:54+03:00 XiaoQiang kernel: wifi_log: [EAPOL-DONE] - if="wl0", sta_mac="0a:39:38:b8:27:b5", bssid="44:df:65:67:89:2e", action="eapol-done"
2026-07-01T11:15:52+03:00 XiaoQiang kernel: wifi_log: [RECV-AUTH] - if="wl0", sta_mac="8e:55:af:91:e4:a1", bssid="44:df:65:67:89:2e", action="recv-auth", rssi="-63", status="0"
2026-07-01T11:15:52+03:00 XiaoQiang kernel: wifi_log: [MLME-AUTH] - if="wl0", sta_mac="8e:55:af:91:e4:a1", bssid="44:df:65:67:89:2e", action="mlme-auth", status="0"
2026-07-01T11:15:52+03:00 XiaoQiang kernel: wifi_log: [RECV-ASSOC] - if="wl0", sta_mac="8e:55:af:91:e4:a1", bssid="44:df:65:67:89:2e", action="recv-assoc", rssi="-63"
2026-07-01T11:15:52+03:00 XiaoQiang kernel: wifi_log: [MLME-ASSOC] - if="wl0", sta_mac="8e:55:af:91:e4:a1", bssid="44:df:65:67:89:2e", action="mlme-assoc", status="0"
2026-07-01T11:15:52+03:00 XiaoQiang kernel: wifi_log: [SEND-EAPOL-1/4] - if="wl0", sta_mac="8e:55:af:91:e4:a1", bssid="44:df:65:67:89:2e", action="send-eapol"
2026-07-01T11:15:52+03:00 XiaoQiang kernel: wifi_log: [RECV-EAPOL-2/4] - if="wl0", sta_mac="8e:55:af:91:e4:a1", bssid="44:df:65:67:89:2e", action="recv-eapol"
2026-07-01T11:15:52+03:00 XiaoQiang kernel: wifi_log: [SEND-EAPOL-3/4] - if="wl0", sta_mac="8e:55:af:91:e4:a1", bssid="44:df:65:67:89:2e", action="send-eapol"
2026-07-01T11:15:52+03:00 XiaoQiang kernel: wifi_log: [RECV-EAPOL-4/4] - if="wl0", sta_mac="8e:55:af:91:e4:a1", bssid="44:df:65:67:89:2e", action="recv-eapol"
2026-07-01T11:15:52+03:00 XiaoQiang kernel: wifi_log: [EAPOL-DONE] - if="wl0", sta_mac="8e:55:af:91:e4:a1", bssid="44:df:65:67:89:2e", action="eapol-done"
2026-07-01T11:15:54+03:00 XiaoQiang kernel: wifi_log: [RECV-DISASSOC] - if="wl0", sta_mac="8e:55:af:91:e4:a1", bssid="44:df:65:67:89:2e", action="recv-disassoc", reason="8", rssi="-61"
2026-07-01T11:16:26+03:00 XiaoQiang kernel: wifi_log: [RECV-AUTH] - if="wl0", sta_mac="8e:55:af:91:e4:a1", bssid="44:df:65:67:89:2e", action="recv-auth", rssi="-65", status="0"
2026-07-01T11:16:26+03:00 XiaoQiang kernel: wifi_log: [MLME-AUTH] - if="wl0", sta_mac="8e:55:af:91:e4:a1", bssid="44:df:65:67:89:2e", action="mlme-auth", status="0"
2026-07-01T11:16:26+03:00 XiaoQiang kernel: wifi_log: [RECV-ASSOC] - if="wl0", sta_mac="8e:55:af:91:e4:a1", bssid="44:df:65:67:89:2e", action="recv-assoc", rssi="-65"
2026-07-01T11:16:26+03:00 XiaoQiang kernel: wifi_log: [MLME-ASSOC] - if="wl0", sta_mac="8e:55:af:91:e4:a1", bssid="44:df:65:67:89:2e", action="mlme-assoc", status="0"
2026-07-01T11:16:26+03:00 XiaoQiang kernel: wifi_log: [SEND-EAPOL-1/4] - if="wl0", sta_mac="8e:55:af:91:e4:a1", bssid="44:df:65:67:89:2e", action="send-eapol"
2026-07-01T11:16:26+03:00 XiaoQiang kernel: wifi_log: [RECV-EAPOL-2/4] - if="wl0", sta_mac="8e:55:af:91:e4:a1", bssid="44:df:65:67:89:2e", action="recv-eapol"
2026-07-01T11:16:26+03:00 XiaoQiang kernel: wifi_log: [SEND-EAPOL-3/4] - if="wl0", sta_mac="8e:55:af:91:e4:a1", bssid="44:df:65:67:89:2e", action="send-eapol"
2026-07-01T11:16:26+03:00 XiaoQiang kernel: wifi_log: [RECV-EAPOL-4/4] - if="wl0", sta_mac="8e:55:af:91:e4:a1", bssid="44:df:65:67:89:2e", action="recv-eapol"
2026-07-01T11:16:26+03:00 XiaoQiang kernel: wifi_log: [EAPOL-DONE] - if="wl0", sta_mac="8e:55:af:91:e4:a1", bssid="44:df:65:67:89:2e", action="eapol-done"
2026-07-01T11:16:40+03:00 XiaoQiang kernel: wifi_log: [RECV-DISASSOC] - if="wl0", sta_mac="8e:55:af:91:e4:a1", bssid="44:df:65:67:89:2e", action="recv-disassoc", reason="8", rssi="-61"
2026-07-01T11:17:21+03:00 XiaoQiang kernel: wifi_log: [RECV-AUTH] - if="wl0", sta_mac="8e:55:af:91:e4:a1", bssid="44:df:65:67:89:2e", action="recv-auth", rssi="-64", status="0"
2026-07-01T11:17:21+03:00 XiaoQiang kernel: wifi_log: [MLME-AUTH] - if="wl0", sta_mac="8e:55:af:91:e4:a1", bssid="44:df:65:67:89:2e", action="mlme-auth", status="0"
2026-07-01T11:17:21+03:00 XiaoQiang kernel: wifi_log: [RECV-ASSOC] - if="wl0", sta_mac="8e:55:af:91:e4:a1", bssid="44:df:65:67:89:2e", action="recv-assoc", rssi="-63"
2026-07-01T11:17:21+03:00 XiaoQiang kernel: wifi_log: [MLME-ASSOC] - if="wl0", sta_mac="8e:55:af:91:e4:a1", bssid="44:df:65:67:89:2e", action="mlme-assoc", status="0"
2026-07-01T11:17:21+03:00 XiaoQiang kernel: wifi_log: [SEND-EAPOL-1/4] - if="wl0", sta_mac="8e:55:af:91:e4:a1", bssid="44:df:65:67:89:2e", action="send-eapol"
2026-07-01T11:17:21+03:00 XiaoQiang kernel: wifi_log: [RECV-EAPOL-2/4] - if="wl0", sta_mac="8e:55:af:91:e4:a1", bssid="44:df:65:67:89:2e", action="recv-eapol"
2026-07-01T11:17:21+03:00 XiaoQiang kernel: wifi_log: [SEND-EAPOL-3/4] - if="wl0", sta_mac="8e:55:af:91:e4:a1", bssid="44:df:65:67:89:2e", action="send-eapol"
2026-07-01T11:17:21+03:00 XiaoQiang kernel: wifi_log: [RECV-EAPOL-4/4] - if="wl0", sta_mac="8e:55:af:91:e4:a1", bssid="44:df:65:67:89:2e", action="recv-eapol"
2026-07-01T11:17:21+03:00 XiaoQiang kernel: wifi_log: [EAPOL-DONE] - if="wl0", sta_mac="8e:55:af:91:e4:a1", bssid="44:df:65:67:89:2e", action="eapol-done"
2026-07-01T11:17:23+03:00 XiaoQiang kernel: wifi_log: [RECV-DISASSOC] - if="wl0", sta_mac="8e:55:af:91:e4:a1", bssid="44:df:65:67:89:2e", action="recv-disassoc", reason="8", rssi="-62"
2026-07-01T11:17:52+03:00 XiaoQiang kernel: wifi_log: [RECV-AUTH] - if="wl0", sta_mac="8e:55:af:91:e4:a1", bssid="44:df:65:67:89:2e", action="recv-auth", rssi="-62", status="0"
2026-07-01T11:17:52+03:00 XiaoQiang kernel: wifi_log: [MLME-AUTH] - if="wl0", sta_mac="8e:55:af:91:e4:a1", bssid="44:df:65:67:89:2e", action="mlme-auth", status="0"
2026-07-01T11:17:52+03:00 XiaoQiang kernel: wifi_log: [RECV-ASSOC] - if="wl0", sta_mac="8e:55:af:91:e4:a1", bssid="44:df:65:67:89:2e", action="recv-assoc", rssi="-61"
2026-07-01T11:17:52+03:00 XiaoQiang kernel: wifi_log: [MLME-ASSOC] - if="wl0", sta_mac="8e:55:af:91:e4:a1", bssid="44:df:65:67:89:2e", action="mlme-assoc", status="0"
2026-07-01T11:17:52+03:00 XiaoQiang kernel: wifi_log: [SEND-EAPOL-1/4] - if="wl0", sta_mac="8e:55:af:91:e4:a1", bssid="44:df:65:67:89:2e", action="send-eapol"
2026-07-01T11:17:52+03:00 XiaoQiang kernel: wifi_log: [RECV-EAPOL-2/4] - if="wl0", sta_mac="8e:55:af:91:e4:a1", bssid="44:df:65:67:89:2e", action="recv-eapol"
2026-07-01T11:17:52+03:00 XiaoQiang kernel: wifi_log: [SEND-EAPOL-3/4] - if="wl0", sta_mac="8e:55:af:91:e4:a1", bssid="44:df:65:67:89:2e", action="send-eapol"
2026-07-01T11:17:52+03:00 XiaoQiang kernel: wifi_log: [RECV-EAPOL-4/4] - if="wl0", sta_mac="8e:55:af:91:e4:a1", bssid="44:df:65:67:89:2e", action="recv-eapol"
2026-07-01T11:17:52+03:00 XiaoQiang kernel: wifi_log: [EAPOL-DONE] - if="wl0", sta_mac="8e:55:af:91:e4:a1", bssid="44:df:65:67:89:2e", action="eapol-done"
2026-07-01T11:17:54+03:00 XiaoQiang kernel: wifi_log: [RECV-DISASSOC] - if="wl0", sta_mac="8e:55:af:91:e4:a1", bssid="44:df:65:67:89:2e", action="recv-disassoc", reason="8", rssi="-62"
2026-07-01T11:18:24+03:00 XiaoQiang kernel: wifi_log: [RECV-AUTH] - if="wl0", sta_mac="8e:55:af:91:e4:a1", bssid="44:df:65:67:89:2e", action="recv-auth", rssi="-64", status="0"
2026-07-01T11:18:24+03:00 XiaoQiang kernel: wifi_log: [MLME-AUTH] - if="wl0", sta_mac="8e:55:af:91:e4:a1", bssid="44:df:65:67:89:2e", action="mlme-auth", status="0"
2026-07-01T11:18:24+03:00 XiaoQiang kernel: wifi_log: [RECV-ASSOC] - if="wl0", sta_mac="8e:55:af:91:e4:a1", bssid="44:df:65:67:89:2e", action="recv-assoc", rssi="-64"
2026-07-01T11:18:24+03:00 XiaoQiang kernel: wifi_log: [MLME-ASSOC] - if="wl0", sta_mac="8e:55:af:91:e4:a1", bssid="44:df:65:67:89:2e", action="mlme-assoc", status="0"
2026-07-01T11:18:24+03:00 XiaoQiang kernel: wifi_log: [SEND-EAPOL-1/4] - if="wl0", sta_mac="8e:55:af:91:e4:a1", bssid="44:df:65:67:89:2e", action="send-eapol"
2026-07-01T11:18:24+03:00 XiaoQiang kernel: wifi_log: [RECV-EAPOL-2/4] - if="wl0", sta_mac="8e:55:af:91:e4:a1", bssid="44:df:65:67:89:2e", action="recv-eapol"
2026-07-01T11:18:24+03:00 XiaoQiang kernel: wifi_log: [SEND-EAPOL-3/4] - if="wl0", sta_mac="8e:55:af:91:e4:a1", bssid="44:df:65:67:89:2e", action="send-eapol"
2026-07-01T11:18:24+03:00 XiaoQiang kernel: wifi_log: [RECV-EAPOL-4/4] - if="wl0", sta_mac="8e:55:af:91:e4:a1", bssid="44:df:65:67:89:2e", action="recv-eapol"
2026-07-01T11:18:24+03:00 XiaoQiang kernel: wifi_log: [EAPOL-DONE] - if="wl0", sta_mac="8e:55:af:91:e4:a1", bssid="44:df:65:67:89:2e", action="eapol-done"
2026-07-01T11:18:26+03:00 XiaoQiang kernel: wifi_log: [RECV-DISASSOC] - if="wl0", sta_mac="8e:55:af:91:e4:a1", bssid="44:df:65:67:89:2e", action="recv-disassoc", reason="8", rssi="-62"
2026-07-01T11:18:55+03:00 XiaoQiang kernel: wifi_log: [RECV-AUTH] - if="wl0", sta_mac="8e:55:af:91:e4:a1", bssid="44:df:65:67:89:2e", action="recv-auth", rssi="-65", status="0"
2026-07-01T11:18:55+03:00 XiaoQiang kernel: wifi_log: [MLME-AUTH] - if="wl0", sta_mac="8e:55:af:91:e4:a1", bssid="44:df:65:67:89:2e", action="mlme-auth", status="0"
2026-07-01T11:18:55+03:00 XiaoQiang kernel: wifi_log: [RECV-ASSOC] - if="wl0", sta_mac="8e:55:af:91:e4:a1", bssid="44:df:65:67:89:2e", action="recv-assoc", rssi="-64"
2026-07-01T11:18:55+03:00 XiaoQiang kernel: wifi_log: [MLME-ASSOC] - if="wl0", sta_mac="8e:55:af:91:e4:a1", bssid="44:df:65:67:89:2e", action="mlme-assoc", status="0"
2026-07-01T11:18:56+03:00 XiaoQiang kernel: wifi_log: [SEND-EAPOL-1/4] - if="wl0", sta_mac="8e:55:af:91:e4:a1", bssid="44:df:65:67:89:2e", action="send-eapol"
2026-07-01T11:18:56+03:00 XiaoQiang kernel: wifi_log: [RECV-EAPOL-2/4] - if="wl0", sta_mac="8e:55:af:91:e4:a1", bssid="44:df:65:67:89:2e", action="recv-eapol"
2026-07-01T11:18:56+03:00 XiaoQiang kernel: wifi_log: [SEND-EAPOL-3/4] - if="wl0", sta_mac="8e:55:af:91:e4:a1", bssid="44:df:65:67:89:2e", action="send-eapol"
2026-07-01T11:18:56+03:00 XiaoQiang kernel: wifi_log: [RECV-EAPOL-4/4] - if="wl0", sta_mac="8e:55:af:91:e4:a1", bssid="44:df:65:67:89:2e", action="recv-eapol"
2026-07-01T11:18:56+03:00 XiaoQiang kernel: wifi_log: [EAPOL-DONE] - if="wl0", sta_mac="8e:55:af:91:e4:a1", bssid="44:df:65:67:89:2e", action="eapol-done"
2026-07-01T11:18:57+03:00 XiaoQiang kernel: wifi_log: [RECV-DISASSOC] - if="wl0", sta_mac="8e:55:af:91:e4:a1", bssid="44:df:65:67:89:2e", action="recv-disassoc", reason="8", rssi="-62"
2026-07-01T11:19:27+03:00 XiaoQiang kernel: wifi_log: [RECV-AUTH] - if="wl0", sta_mac="8e:55:af:91:e4:a1", bssid="44:df:65:67:89:2e", action="recv-auth", rssi="-64", status="0"
2026-07-01T11:19:27+03:00 XiaoQiang kernel: wifi_log: [MLME-AUTH] - if="wl0", sta_mac="8e:55:af:91:e4:a1", bssid="44:df:65:67:89:2e", action="mlme-auth", status="0"
2026-07-01T11:19:27+03:00 XiaoQiang kernel: wifi_log: [RECV-ASSOC] - if="wl0", sta_mac="8e:55:af:91:e4:a1", bssid="44:df:65:67:89:2e", action="recv-assoc", rssi="-63"
2026-07-01T11:19:27+03:00 XiaoQiang kernel: wifi_log: [MLME-ASSOC] - if="wl0", sta_mac="8e:55:af:91:e4:a1", bssid="44:df:65:67:89:2e", action="mlme-assoc", status="0"
2026-07-01T11:19:27+03:00 XiaoQiang kernel: wifi_log: [SEND-EAPOL-1/4] - if="wl0", sta_mac="8e:55:af:91:e4:a1", bssid="44:df:65:67:89:2e", action="send-eapol"
2026-07-01T11:19:27+03:00 XiaoQiang kernel: wifi_log: [RECV-EAPOL-2/4] - if="wl0", sta_mac="8e:55:af:91:e4:a1", bssid="44:df:65:67:89:2e", action="recv-eapol"
2026-07-01T11:19:27+03:00 XiaoQiang kernel: wifi_log: [SEND-EAPOL-3/4] - if="wl0", sta_mac="8e:55:af:91:e4:a1", bssid="44:df:65:67:89:2e", action="send-eapol"
2026-07-01T11:19:27+03:00 XiaoQiang kernel: wifi_log: [RECV-EAPOL-4/4] - if="wl0", sta_mac="8e:55:af:91:e4:a1", bssid="44:df:65:67:89:2e", action="recv-eapol"
2026-07-01T11:19:27+03:00 XiaoQiang kernel: wifi_log: [EAPOL-DONE] - if="wl0", sta_mac="8e:55:af:91:e4:a1", bssid="44:df:65:67:89:2e", action="eapol-done"
2026-07-01T11:19:29+03:00 XiaoQiang kernel: wifi_log: [RECV-DISASSOC] - if="wl0", sta_mac="8e:55:af:91:e4:a1", bssid="44:df:65:67:89:2e", action="recv-disassoc", reason="8", rssi="-62"
2026-07-01T11:19:59+03:00 XiaoQiang kernel: wifi_log: [RECV-AUTH] - if="wl0", sta_mac="8e:55:af:91:e4:a1", bssid="44:df:65:67:89:2e", action="recv-auth", rssi="-64", status="0"
2026-07-01T11:19:59+03:00 XiaoQiang kernel: wifi_log: [MLME-AUTH] - if="wl0", sta_mac="8e:55:af:91:e4:a1", bssid="44:df:65:67:89:2e", action="mlme-auth", status="0"
2026-07-01T11:19:59+03:00 XiaoQiang kernel: wifi_log: [RECV-ASSOC] - if="wl0", sta_mac="8e:55:af:91:e4:a1", bssid="44:df:65:67:89:2e", action="recv-assoc", rssi="-64"
2026-07-01T11:19:59+03:00 XiaoQiang kernel: wifi_log: [MLME-ASSOC] - if="wl0", sta_mac="8e:55:af:91:e4:a1", bssid="44:df:65:67:89:2e", action="mlme-assoc", status="0"
2026-07-01T11:19:59+03:00 XiaoQiang kernel: wifi_log: [SEND-EAPOL-1/4] - if="wl0", sta_mac="8e:55:af:91:e4:a1", bssid="44:df:65:67:89:2e", action="send-eapol"
2026-07-01T11:19:59+03:00 XiaoQiang kernel: wifi_log: [RECV-EAPOL-2/4] - if="wl0", sta_mac="8e:55:af:91:e4:a1", bssid="44:df:65:67:89:2e", action="recv-eapol"
2026-07-01T11:19:59+03:00 XiaoQiang kernel: wifi_log: [SEND-EAPOL-3/4] - if="wl0", sta_mac="8e:55:af:91:e4:a1", bssid="44:df:65:67:89:2e", action="send-eapol"
2026-07-01T11:19:59+03:00 XiaoQiang kernel: wifi_log: [RECV-EAPOL-4/4] - if="wl0", sta_mac="8e:55:af:91:e4:a1", bssid="44:df:65:67:89:2e", action="recv-eapol"
2026-07-01T11:19:59+03:00 XiaoQiang kernel: wifi_log: [EAPOL-DONE] - if="wl0", sta_mac="8e:55:af:91:e4:a1", bssid="44:df:65:67:89:2e", action="eapol-done"
2026-07-01T11:20:01+03:00 XiaoQiang kernel: wifi_log: [RECV-DISASSOC] - if="wl0", sta_mac="8e:55:af:91:e4:a1", bssid="44:df:65:67:89:2e", action="recv-disassoc", reason="8", rssi="-62"
2026-07-01T11:20:33+03:00 XiaoQiang kernel: wifi_log: [RECV-AUTH] - if="wl0", sta_mac="8e:55:af:91:e4:a1", bssid="44:df:65:67:89:2e", action="recv-auth", rssi="-63", status="0"
2026-07-01T11:20:33+03:00 XiaoQiang kernel: wifi_log: [MLME-AUTH] - if="wl0", sta_mac="8e:55:af:91:e4:a1", bssid="44:df:65:67:89:2e", action="mlme-auth", status="0"
2026-07-01T11:20:33+03:00 XiaoQiang kernel: wifi_log: [RECV-ASSOC] - if="wl0", sta_mac="8e:55:af:91:e4:a1", bssid="44:df:65:67:89:2e", action="recv-assoc", rssi="-63"
2026-07-01T11:20:33+03:00 XiaoQiang kernel: wifi_log: [MLME-ASSOC] - if="wl0", sta_mac="8e:55:af:91:e4:a1", bssid="44:df:65:67:89:2e", action="mlme-assoc", status="0"
2026-07-01T11:20:33+03:00 XiaoQiang kernel: wifi_log: [SEND-EAPOL-1/4] - if="wl0", sta_mac="8e:55:af:91:e4:a1", bssid="44:df:65:67:89:2e", action="send-eapol"
2026-07-01T11:20:33+03:00 XiaoQiang kernel: wifi_log: [RECV-EAPOL-2/4] - if="wl0", sta_mac="8e:55:af:91:e4:a1", bssid="44:df:65:67:89:2e", action="recv-eapol"
2026-07-01T11:20:33+03:00 XiaoQiang kernel: wifi_log: [SEND-EAPOL-3/4] - if="wl0", sta_mac="8e:55:af:91:e4:a1", bssid="44:df:65:67:89:2e", action="send-eapol"
2026-07-01T11:20:33+03:00 XiaoQiang kernel: wifi_log: [RECV-EAPOL-4/4] - if="wl0", sta_mac="8e:55:af:91:e4:a1", bssid="44:df:65:67:89:2e", action="recv-eapol"
2026-07-01T11:20:33+03:00 XiaoQiang kernel: wifi_log: [EAPOL-DONE] - if="wl0", sta_mac="8e:55:af:91:e4:a1", bssid="44:df:65:67:89:2e", action="eapol-done"
2026-07-01T11:20:35+03:00 XiaoQiang kernel: wifi_log: [RECV-DISASSOC] - if="wl0", sta_mac="8e:55:af:91:e4:a1", bssid="44:df:65:67:89:2e", action="recv-disassoc", reason="8", rssi="-62"
2026-07-01T11:21:06+03:00 XiaoQiang kernel: wifi_log: [RECV-AUTH] - if="wl0", sta_mac="8e:55:af:91:e4:a1", bssid="44:df:65:67:89:2e", action="recv-auth", rssi="-65", status="0"
2026-07-01T11:21:06+03:00 XiaoQiang kernel: wifi_log: [MLME-AUTH] - if="wl0", sta_mac="8e:55:af:91:e4:a1", bssid="44:df:65:67:89:2e", action="mlme-auth", status="0"
2026-07-01T11:21:06+03:00 XiaoQiang kernel: wifi_log: [RECV-ASSOC] - if="wl0", sta_mac="8e:55:af:91:e4:a1", bssid="44:df:65:67:89:2e", action="recv-assoc", rssi="-64"
2026-07-01T11:21:06+03:00 XiaoQiang kernel: wifi_log: [MLME-ASSOC] - if="wl0", sta_mac="8e:55:af:91:e4:a1", bssid="44:df:65:67:89:2e", action="mlme-assoc", status="0"
2026-07-01T11:21:06+03:00 XiaoQiang kernel: wifi_log: [SEND-EAPOL-1/4] - if="wl0", sta_mac="8e:55:af:91:e4:a1", bssid="44:df:65:67:89:2e", action="send-eapol"
2026-07-01T11:21:06+03:00 XiaoQiang kernel: wifi_log: [RECV-EAPOL-2/4] - if="wl0", sta_mac="8e:55:af:91:e4:a1", bssid="44:df:65:67:89:2e", action="recv-eapol"
2026-07-01T11:21:06+03:00 XiaoQiang kernel: wifi_log: [SEND-EAPOL-3/4] - if="wl0", sta_mac="8e:55:af:91:e4:a1", bssid="44:df:65:67:89:2e", action="send-eapol"
2026-07-01T11:21:06+03:00 XiaoQiang kernel: wifi_log: [RECV-EAPOL-4/4] - if="wl0", sta_mac="8e:55:af:91:e4:a1", bssid="44:df:65:67:89:2e", action="recv-eapol"
2026-07-01T11:21:06+03:00 XiaoQiang kernel: wifi_log: [EAPOL-DONE] - if="wl0", sta_mac="8e:55:af:91:e4:a1", bssid="44:df:65:67:89:2e", action="eapol-done"
2026-07-01T11:21:08+03:00 XiaoQiang kernel: wifi_log: [RECV-DISASSOC] - if="wl0", sta_mac="8e:55:af:91:e4:a1", bssid="44:df:65:67:89:2e", action="recv-disassoc", reason="8", rssi="-62"
2026-07-01T11:21:40+03:00 XiaoQiang kernel: wifi_log: [RECV-AUTH] - if="wl0", sta_mac="8e:55:af:91:e4:a1", bssid="44:df:65:67:89:2e", action="recv-auth", rssi="-64", status="0"
2026-07-01T11:21:40+03:00 XiaoQiang kernel: wifi_log: [MLME-AUTH] - if="wl0", sta_mac="8e:55:af:91:e4:a1", bssid="44:df:65:67:89:2e", action="mlme-auth", status="0"
2026-07-01T11:21:40+03:00 XiaoQiang kernel: wifi_log: [RECV-ASSOC] - if="wl0", sta_mac="8e:55:af:91:e4:a1", bssid="44:df:65:67:89:2e", action="recv-assoc", rssi="-63"
2026-07-01T11:21:40+03:00 XiaoQiang kernel: wifi_log: [MLME-ASSOC] - if="wl0", sta_mac="8e:55:af:91:e4:a1", bssid="44:df:65:67:89:2e", action="mlme-assoc", status="0"
2026-07-01T11:21:40+03:00 XiaoQiang kernel: wifi_log: [SEND-EAPOL-1/4] - if="wl0", sta_mac="8e:55:af:91:e4:a1", bssid="44:df:65:67:89:2e", action="send-eapol"
2026-07-01T11:21:40+03:00 XiaoQiang kernel: wifi_log: [RECV-EAPOL-2/4] - if="wl0", sta_mac="8e:55:af:91:e4:a1", bssid="44:df:65:67:89:2e", action="recv-eapol"
2026-07-01T11:21:40+03:00 XiaoQiang kernel: wifi_log: [SEND-EAPOL-3/4] - if="wl0", sta_mac="8e:55:af:91:e4:a1", bssid="44:df:65:67:89:2e", action="send-eapol"
2026-07-01T11:21:40+03:00 XiaoQiang kernel: wifi_log: [RECV-EAPOL-4/4] - if="wl0", sta_mac="8e:55:af:91:e4:a1", bssid="44:df:65:67:89:2e", action="recv-eapol"
2026-07-01T11:21:40+03:00 XiaoQiang kernel: wifi_log: [EAPOL-DONE] - if="wl0", sta_mac="8e:55:af:91:e4:a1", bssid="44:df:65:67:89:2e", action="eapol-done"
2026-07-01T11:21:42+03:00 XiaoQiang kernel: wifi_log: [RECV-DISASSOC] - if="wl0", sta_mac="8e:55:af:91:e4:a1", bssid="44:df:65:67:89:2e", action="recv-disassoc", reason="8", rssi="-62"
2026-07-01T11:22:14+03:00 XiaoQiang kernel: wifi_log: [RECV-AUTH] - if="wl0", sta_mac="8e:55:af:91:e4:a1", bssid="44:df:65:67:89:2e", action="recv-auth", rssi="-64", status="0"
2026-07-01T11:22:14+03:00 XiaoQiang kernel: wifi_log: [MLME-AUTH] - if="wl0", sta_mac="8e:55:af:91:e4:a1", bssid="44:df:65:67:89:2e", action="mlme-auth", status="0"
2026-07-01T11:22:14+03:00 XiaoQiang kernel: wifi_log: [RECV-ASSOC] - if="wl0", sta_mac="8e:55:af:91:e4:a1", bssid="44:df:65:67:89:2e", action="recv-assoc", rssi="-63"
2026-07-01T11:22:14+03:00 XiaoQiang kernel: wifi_log: [MLME-ASSOC] - if="wl0", sta_mac="8e:55:af:91:e4:a1", bssid="44:df:65:67:89:2e", action="mlme-assoc", status="0"
2026-07-01T11:22:15+03:00 XiaoQiang kernel: wifi_log: [SEND-EAPOL-1/4] - if="wl0", sta_mac="8e:55:af:91:e4:a1", bssid="44:df:65:67:89:2e", action="send-eapol"
2026-07-01T11:22:15+03:00 XiaoQiang kernel: wifi_log: [RECV-EAPOL-2/4] - if="wl0", sta_mac="8e:55:af:91:e4:a1", bssid="44:df:65:67:89:2e", action="recv-eapol"
2026-07-01T11:22:15+03:00 XiaoQiang kernel: wifi_log: [SEND-EAPOL-3/4] - if="wl0", sta_mac="8e:55:af:91:e4:a1", bssid="44:df:65:67:89:2e", action="send-eapol"
2026-07-01T11:22:15+03:00 XiaoQiang kernel: wifi_log: [RECV-EAPOL-4/4] - if="wl0", sta_mac="8e:55:af:91:e4:a1", bssid="44:df:65:67:89:2e", action="recv-eapol"
2026-07-01T11:22:15+03:00 XiaoQiang kernel: wifi_log: [EAPOL-DONE] - if="wl0", sta_mac="8e:55:af:91:e4:a1", bssid="44:df:65:67:89:2e", action="eapol-done"
2026-07-01T11:24:37+03:00 XiaoQiang kernel: wifi_log: [RECV-DISASSOC] - if="wl0", sta_mac="8e:55:af:91:e4:a1", bssid="44:df:65:67:89:2e", action="recv-disassoc", reason="8", rssi="-62"
2026-07-01T11:24:40+03:00 XiaoQiang kernel: wifi_log: [RECV-AUTH] - if="wl0", sta_mac="8e:55:af:91:e4:a1", bssid="44:df:65:67:89:2e", action="recv-auth", rssi="-64", status="0"
2026-07-01T11:24:40+03:00 XiaoQiang kernel: wifi_log: [MLME-AUTH] - if="wl0", sta_mac="8e:55:af:91:e4:a1", bssid="44:df:65:67:89:2e", action="mlme-auth", status="0"
2026-07-01T11:24:40+03:00 XiaoQiang kernel: wifi_log: [RECV-ASSOC] - if="wl0", sta_mac="8e:55:af:91:e4:a1", bssid="44:df:65:67:89:2e", action="recv-assoc", rssi="-64"
2026-07-01T11:24:40+03:00 XiaoQiang kernel: wifi_log: [MLME-ASSOC] - if="wl0", sta_mac="8e:55:af:91:e4:a1", bssid="44:df:65:67:89:2e", action="mlme-assoc", status="0"
2026-07-01T11:24:40+03:00 XiaoQiang kernel: wifi_log: [SEND-EAPOL-1/4] - if="wl0", sta_mac="8e:55:af:91:e4:a1", bssid="44:df:65:67:89:2e", action="send-eapol"
2026-07-01T11:24:40+03:00 XiaoQiang kernel: wifi_log: [RECV-EAPOL-2/4] - if="wl0", sta_mac="8e:55:af:91:e4:a1", bssid="44:df:65:67:89:2e", action="recv-eapol"
2026-07-01T11:24:40+03:00 XiaoQiang kernel: wifi_log: [SEND-EAPOL-3/4] - if="wl0", sta_mac="8e:55:af:91:e4:a1", bssid="44:df:65:67:89:2e", action="send-eapol"
2026-07-01T11:24:40+03:00 XiaoQiang kernel: wifi_log: [RECV-EAPOL-4/4] - if="wl0", sta_mac="8e:55:af:91:e4:a1", bssid="44:df:65:67:89:2e", action="recv-eapol"
2026-07-01T11:24:40+03:00 XiaoQiang kernel: wifi_log: [EAPOL-DONE] - if="wl0", sta_mac="8e:55:af:91:e4:a1", bssid="44:df:65:67:89:2e", action="eapol-done"
2026-07-01T11:24:42+03:00 XiaoQiang kernel: wifi_log: [RECV-DISASSOC] - if="wl0", sta_mac="8e:55:af:91:e4:a1", bssid="44:df:65:67:89:2e", action="recv-disassoc", reason="8", rssi="-62"
2026-07-01T11:25:10+03:00 XiaoQiang kernel: wifi_log: [RECV-AUTH] - if="wl0", sta_mac="8e:55:af:91:e4:a1", bssid="44:df:65:67:89:2e", action="recv-auth", rssi="-64", status="0"
2026-07-01T11:25:10+03:00 XiaoQiang kernel: wifi_log: [MLME-AUTH] - if="wl0", sta_mac="8e:55:af:91:e4:a1", bssid="44:df:65:67:89:2e", action="mlme-auth", status="0"
2026-07-01T11:25:10+03:00 XiaoQiang kernel: wifi_log: [RECV-ASSOC] - if="wl0", sta_mac="8e:55:af:91:e4:a1", bssid="44:df:65:67:89:2e", action="recv-assoc", rssi="-63"
2026-07-01T11:25:10+03:00 XiaoQiang kernel: wifi_log: [MLME-ASSOC] - if="wl0", sta_mac="8e:55:af:91:e4:a1", bssid="44:df:65:67:89:2e", action="mlme-assoc", status="0"
2026-07-01T11:25:10+03:00 XiaoQiang kernel: wifi_log: [SEND-EAPOL-1/4] - if="wl0", sta_mac="8e:55:af:91:e4:a1", bssid="44:df:65:67:89:2e", action="send-eapol"
2026-07-01T11:25:10+03:00 XiaoQiang kernel: wifi_log: [RECV-EAPOL-2/4] - if="wl0", sta_mac="8e:55:af:91:e4:a1", bssid="44:df:65:67:89:2e", action="recv-eapol"
2026-07-01T11:25:10+03:00 XiaoQiang kernel: wifi_log: [SEND-EAPOL-3/4] - if="wl0", sta_mac="8e:55:af:91:e4:a1", bssid="44:df:65:67:89:2e", action="send-eapol"
2026-07-01T11:25:10+03:00 XiaoQiang kernel: wifi_log: [RECV-EAPOL-4/4] - if="wl0", sta_mac="8e:55:af:91:e4:a1", bssid="44:df:65:67:89:2e", action="recv-eapol"
2026-07-01T11:25:10+03:00 XiaoQiang kernel: wifi_log: [EAPOL-DONE] - if="wl0", sta_mac="8e:55:af:91:e4:a1", bssid="44:df:65:67:89:2e", action="eapol-done"
2026-07-01T11:25:12+03:00 XiaoQiang kernel: wifi_log: [RECV-DISASSOC] - if="wl0", sta_mac="8e:55:af:91:e4:a1", bssid="44:df:65:67:89:2e", action="recv-disassoc", reason="8", rssi="-62"
2026-07-01T11:25:45+03:00 XiaoQiang kernel: wifi_log: [RECV-AUTH] - if="wl0", sta_mac="8e:55:af:91:e4:a1", bssid="44:df:65:67:89:2e", action="recv-auth", rssi="-64", status="0"
2026-07-01T11:25:45+03:00 XiaoQiang kernel: wifi_log: [MLME-AUTH] - if="wl0", sta_mac="8e:55:af:91:e4:a1", bssid="44:df:65:67:89:2e", action="mlme-auth", status="0"
2026-07-01T11:25:45+03:00 XiaoQiang kernel: wifi_log: [RECV-ASSOC] - if="wl0", sta_mac="8e:55:af:91:e4:a1", bssid="44:df:65:67:89:2e", action="recv-assoc", rssi="-64"
2026-07-01T11:25:45+03:00 XiaoQiang kernel: wifi_log: [MLME-ASSOC] - if="wl0", sta_mac="8e:55:af:91:e4:a1", bssid="44:df:65:67:89:2e", action="mlme-assoc", status="0"
2026-07-01T11:25:45+03:00 XiaoQiang kernel: wifi_log: [SEND-EAPOL-1/4] - if="wl0", sta_mac="8e:55:af:91:e4:a1", bssid="44:df:65:67:89:2e", action="send-eapol"
2026-07-01T11:25:45+03:00 XiaoQiang kernel: wifi_log: [RECV-EAPOL-2/4] - if="wl0", sta_mac="8e:55:af:91:e4:a1", bssid="44:df:65:67:89:2e", action="recv-eapol"
2026-07-01T11:25:45+03:00 XiaoQiang kernel: wifi_log: [SEND-EAPOL-3/4] - if="wl0", sta_mac="8e:55:af:91:e4:a1", bssid="44:df:65:67:89:2e", action="send-eapol"
2026-07-01T11:25:45+03:00 XiaoQiang kernel: wifi_log: [RECV-EAPOL-4/4] - if="wl0", sta_mac="8e:55:af:91:e4:a1", bssid="44:df:65:67:89:2e", action="recv-eapol"
2026-07-01T11:25:45+03:00 XiaoQiang kernel: wifi_log: [EAPOL-DONE] - if="wl0", sta_mac="8e:55:af:91:e4:a1", bssid="44:df:65:67:89:2e", action="eapol-done"
2026-07-01T11:25:47+03:00 XiaoQiang kernel: wifi_log: [RECV-DISASSOC] - if="wl0", sta_mac="8e:55:af:91:e4:a1", bssid="44:df:65:67:89:2e", action="recv-disassoc", reason="8", rssi="-64"
2026-07-01T11:26:22+03:00 XiaoQiang kernel: wifi_log: [RECV-AUTH] - if="wl0", sta_mac="8e:55:af:91:e4:a1", bssid="44:df:65:67:89:2e", action="recv-auth", rssi="-64", status="0"
2026-07-01T11:26:22+03:00 XiaoQiang kernel: wifi_log: [MLME-AUTH] - if="wl0", sta_mac="8e:55:af:91:e4:a1", bssid="44:df:65:67:89:2e", action="mlme-auth", status="0"
2026-07-01T11:26:22+03:00 XiaoQiang kernel: wifi_log: [RECV-ASSOC] - if="wl0", sta_mac="8e:55:af:91:e4:a1", bssid="44:df:65:67:89:2e", action="recv-assoc", rssi="-64"
2026-07-01T11:26:22+03:00 XiaoQiang kernel: wifi_log: [MLME-ASSOC] - if="wl0", sta_mac="8e:55:af:91:e4:a1", bssid="44:df:65:67:89:2e", action="mlme-assoc", status="0"
2026-07-01T11:26:22+03:00 XiaoQiang kernel: wifi_log: [SEND-EAPOL-1/4] - if="wl0", sta_mac="8e:55:af:91:e4:a1", bssid="44:df:65:67:89:2e", action="send-eapol"
2026-07-01T11:26:22+03:00 XiaoQiang kernel: wifi_log: [RECV-EAPOL-2/4] - if="wl0", sta_mac="8e:55:af:91:e4:a1", bssid="44:df:65:67:89:2e", action="recv-eapol"
2026-07-01T11:26:22+03:00 XiaoQiang kernel: wifi_log: [SEND-EAPOL-3/4] - if="wl0", sta_mac="8e:55:af:91:e4:a1", bssid="44:df:65:67:89:2e", action="send-eapol"
2026-07-01T11:26:22+03:00 XiaoQiang kernel: wifi_log: [RECV-EAPOL-4/4] - if="wl0", sta_mac="8e:55:af:91:e4:a1", bssid="44:df:65:67:89:2e", action="recv-eapol"
2026-07-01T11:26:22+03:00 XiaoQiang kernel: wifi_log: [EAPOL-DONE] - if="wl0", sta_mac="8e:55:af:91:e4:a1", bssid="44:df:65:67:89:2e", action="eapol-done"
2026-07-01T11:26:24+03:00 XiaoQiang kernel: wifi_log: [RECV-DISASSOC] - if="wl0", sta_mac="8e:55:af:91:e4:a1", bssid="44:df:65:67:89:2e", action="recv-disassoc", reason="8", rssi="-62"
2026-07-01T11:26:25+03:00 XiaoQiang kernel: wifi_log: [RECV-AUTH] - if="wl0", sta_mac="8e:55:af:91:e4:a1", bssid="44:df:65:67:89:2e", action="recv-auth", rssi="-63", status="0"
2026-07-01T11:26:25+03:00 XiaoQiang kernel: wifi_log: [MLME-AUTH] - if="wl0", sta_mac="8e:55:af:91:e4:a1", bssid="44:df:65:67:89:2e", action="mlme-auth", status="0"
2026-07-01T11:26:25+03:00 XiaoQiang kernel: wifi_log: [RECV-ASSOC] - if="wl0", sta_mac="8e:55:af:91:e4:a1", bssid="44:df:65:67:89:2e", action="recv-assoc", rssi="-63"
2026-07-01T11:26:25+03:00 XiaoQiang kernel: wifi_log: [MLME-ASSOC] - if="wl0", sta_mac="8e:55:af:91:e4:a1", bssid="44:df:65:67:89:2e", action="mlme-assoc", status="0"
2026-07-01T11:26:25+03:00 XiaoQiang kernel: wifi_log: [SEND-EAPOL-1/4] - if="wl0", sta_mac="8e:55:af:91:e4:a1", bssid="44:df:65:67:89:2e", action="send-eapol"
2026-07-01T11:26:25+03:00 XiaoQiang kernel: wifi_log: [RECV-EAPOL-2/4] - if="wl0", sta_mac="8e:55:af:91:e4:a1", bssid="44:df:65:67:89:2e", action="recv-eapol"
2026-07-01T11:26:25+03:00 XiaoQiang kernel: wifi_log: [SEND-EAPOL-3/4] - if="wl0", sta_mac="8e:55:af:91:e4:a1", bssid="44:df:65:67:89:2e", action="send-eapol"
2026-07-01T11:26:25+03:00 XiaoQiang kernel: wifi_log: [RECV-EAPOL-4/4] - if="wl0", sta_mac="8e:55:af:91:e4:a1", bssid="44:df:65:67:89:2e", action="recv-eapol"
2026-07-01T11:26:25+03:00 XiaoQiang kernel: wifi_log: [EAPOL-DONE] - if="wl0", sta_mac="8e:55:af:91:e4:a1", bssid="44:df:65:67:89:2e", action="eapol-done"
2026-07-01T11:26:28+03:00 XiaoQiang kernel: wifi_log: [RECV-DISASSOC] - if="wl0", sta_mac="8e:55:af:91:e4:a1", bssid="44:df:65:67:89:2e", action="recv-disassoc", reason="8", rssi="-62"
2026-07-01T11:27:01+03:00 XiaoQiang kernel: wifi_log: [RECV-AUTH] - if="wl0", sta_mac="8e:55:af:91:e4:a1", bssid="44:df:65:67:89:2e", action="recv-auth", rssi="-64", status="0"
2026-07-01T11:27:01+03:00 XiaoQiang kernel: wifi_log: [MLME-AUTH] - if="wl0", sta_mac="8e:55:af:91:e4:a1", bssid="44:df:65:67:89:2e", action="mlme-auth", status="0"
2026-07-01T11:27:01+03:00 XiaoQiang kernel: wifi_log: [RECV-ASSOC] - if="wl0", sta_mac="8e:55:af:91:e4:a1", bssid="44:df:65:67:89:2e", action="recv-assoc", rssi="-64"
2026-07-01T11:27:01+03:00 XiaoQiang kernel: wifi_log: [MLME-ASSOC] - if="wl0", sta_mac="8e:55:af:91:e4:a1", bssid="44:df:65:67:89:2e", action="mlme-assoc", status="0"
2026-07-01T11:27:01+03:00 XiaoQiang kernel: wifi_log: [SEND-EAPOL-1/4] - if="wl0", sta_mac="8e:55:af:91:e4:a1", bssid="44:df:65:67:89:2e", action="send-eapol"
2026-07-01T11:27:01+03:00 XiaoQiang kernel: wifi_log: [RECV-EAPOL-2/4] - if="wl0", sta_mac="8e:55:af:91:e4:a1", bssid="44:df:65:67:89:2e", action="recv-eapol"
2026-07-01T11:27:01+03:00 XiaoQiang kernel: wifi_log: [SEND-EAPOL-3/4] - if="wl0", sta_mac="8e:55:af:91:e4:a1", bssid="44:df:65:67:89:2e", action="send-eapol"
2026-07-01T11:27:01+03:00 XiaoQiang kernel: wifi_log: [RECV-EAPOL-4/4] - if="wl0", sta_mac="8e:55:af:91:e4:a1", bssid="44:df:65:67:89:2e", action="recv-eapol"
2026-07-01T11:27:01+03:00 XiaoQiang kernel: wifi_log: [EAPOL-DONE] - if="wl0", sta_mac="8e:55:af:91:e4:a1", bssid="44:df:65:67:89:2e", action="eapol-done"
2026-07-01T11:27:02+03:00 XiaoQiang kernel: wifi_log: [RECV-DISASSOC] - if="wl0", sta_mac="8e:55:af:91:e4:a1", bssid="44:df:65:67:89:2e", action="recv-disassoc", reason="8", rssi="-62"
2026-07-01T11:27:34+03:00 XiaoQiang kernel: wifi_log: [RECV-AUTH] - if="wl0", sta_mac="8e:55:af:91:e4:a1", bssid="44:df:65:67:89:2e", action="recv-auth", rssi="-64", status="0"
2026-07-01T11:27:34+03:00 XiaoQiang kernel: wifi_log: [MLME-AUTH] - if="wl0", sta_mac="8e:55:af:91:e4:a1", bssid="44:df:65:67:89:2e", action="mlme-auth", status="0"
2026-07-01T11:27:34+03:00 XiaoQiang kernel: wifi_log: [RECV-ASSOC] - if="wl0", sta_mac="8e:55:af:91:e4:a1", bssid="44:df:65:67:89:2e", action="recv-assoc", rssi="-64"
2026-07-01T11:27:34+03:00 XiaoQiang kernel: wifi_log: [MLME-ASSOC] - if="wl0", sta_mac="8e:55:af:91:e4:a1", bssid="44:df:65:67:89:2e", action="mlme-assoc", status="0"
2026-07-01T11:27:34+03:00 XiaoQiang kernel: wifi_log: [SEND-EAPOL-1/4] - if="wl0", sta_mac="8e:55:af:91:e4:a1", bssid="44:df:65:67:89:2e", action="send-eapol"
2026-07-01T11:27:34+03:00 XiaoQiang kernel: wifi_log: [RECV-EAPOL-2/4] - if="wl0", sta_mac="8e:55:af:91:e4:a1", bssid="44:df:65:67:89:2e", action="recv-eapol"
2026-07-01T11:27:34+03:00 XiaoQiang kernel: wifi_log: [SEND-EAPOL-3/4] - if="wl0", sta_mac="8e:55:af:91:e4:a1", bssid="44:df:65:67:89:2e", action="send-eapol"
2026-07-01T11:27:34+03:00 XiaoQiang kernel: wifi_log: [RECV-EAPOL-4/4] - if="wl0", sta_mac="8e:55:af:91:e4:a1", bssid="44:df:65:67:89:2e", action="recv-eapol"
2026-07-01T11:27:34+03:00 XiaoQiang kernel: wifi_log: [EAPOL-DONE] - if="wl0", sta_mac="8e:55:af:91:e4:a1", bssid="44:df:65:67:89:2e", action="eapol-done"
2026-07-01T11:27:36+03:00 XiaoQiang kernel: wifi_log: [RECV-DISASSOC] - if="wl0", sta_mac="8e:55:af:91:e4:a1", bssid="44:df:65:67:89:2e", action="recv-disassoc", reason="8", rssi="-62"
2026-07-01T11:28:07+03:00 XiaoQiang kernel: wifi_log: [RECV-AUTH] - if="wl0", sta_mac="8e:55:af:91:e4:a1", bssid="44:df:65:67:89:2e", action="recv-auth", rssi="-64", status="0"
2026-07-01T11:28:07+03:00 XiaoQiang kernel: wifi_log: [MLME-AUTH] - if="wl0", sta_mac="8e:55:af:91:e4:a1", bssid="44:df:65:67:89:2e", action="mlme-auth", status="0"
2026-07-01T11:28:07+03:00 XiaoQiang kernel: wifi_log: [RECV-ASSOC] - if="wl0", sta_mac="8e:55:af:91:e4:a1", bssid="44:df:65:67:89:2e", action="recv-assoc", rssi="-64"
2026-07-01T11:28:07+03:00 XiaoQiang kernel: wifi_log: [MLME-ASSOC] - if="wl0", sta_mac="8e:55:af:91:e4:a1", bssid="44:df:65:67:89:2e", action="mlme-assoc", status="0"
2026-07-01T11:28:07+03:00 XiaoQiang kernel: wifi_log: [SEND-EAPOL-1/4] - if="wl0", sta_mac="8e:55:af:91:e4:a1", bssid="44:df:65:67:89:2e", action="send-eapol"
2026-07-01T11:28:07+03:00 XiaoQiang kernel: wifi_log: [RECV-EAPOL-2/4] - if="wl0", sta_mac="8e:55:af:91:e4:a1", bssid="44:df:65:67:89:2e", action="recv-eapol"
2026-07-01T11:28:07+03:00 XiaoQiang kernel: wifi_log: [SEND-EAPOL-3/4] - if="wl0", sta_mac="8e:55:af:91:e4:a1", bssid="44:df:65:67:89:2e", action="send-eapol"
2026-07-01T11:28:07+03:00 XiaoQiang kernel: wifi_log: [RECV-EAPOL-4/4] - if="wl0", sta_mac="8e:55:af:91:e4:a1", bssid="44:df:65:67:89:2e", action="recv-eapol"
2026-07-01T11:28:08+03:00 XiaoQiang kernel: wifi_log: [EAPOL-DONE] - if="wl0", sta_mac="8e:55:af:91:e4:a1", bssid="44:df:65:67:89:2e", action="eapol-done"
2026-07-01T11:28:09+03:00 XiaoQiang kernel: wifi_log: [RECV-DISASSOC] - if="wl0", sta_mac="8e:55:af:91:e4:a1", bssid="44:df:65:67:89:2e", action="recv-disassoc", reason="8", rssi="-62"
2026-07-01T11:28:10+03:00 XiaoQiang kernel: wifi_log: [RECV-AUTH] - if="wl0", sta_mac="8e:55:af:91:e4:a1", bssid="44:df:65:67:89:2e", action="recv-auth", rssi="-64", status="0"
2026-07-01T11:28:10+03:00 XiaoQiang kernel: wifi_log: [MLME-AUTH] - if="wl0", sta_mac="8e:55:af:91:e4:a1", bssid="44:df:65:67:89:2e", action="mlme-auth", status="0"
2026-07-01T11:28:10+03:00 XiaoQiang kernel: wifi_log: [RECV-ASSOC] - if="wl0", sta_mac="8e:55:af:91:e4:a1", bssid="44:df:65:67:89:2e", action="recv-assoc", rssi="-63"
2026-07-01T11:28:10+03:00 XiaoQiang kernel: wifi_log: [MLME-ASSOC] - if="wl0", sta_mac="8e:55:af:91:e4:a1", bssid="44:df:65:67:89:2e", action="mlme-assoc", status="0"
2026-07-01T11:28:10+03:00 XiaoQiang kernel: wifi_log: [SEND-EAPOL-1/4] - if="wl0", sta_mac="8e:55:af:91:e4:a1", bssid="44:df:65:67:89:2e", action="send-eapol"
2026-07-01T11:28:10+03:00 XiaoQiang kernel: wifi_log: [RECV-EAPOL-2/4] - if="wl0", sta_mac="8e:55:af:91:e4:a1", bssid="44:df:65:67:89:2e", action="recv-eapol"
2026-07-01T11:28:10+03:00 XiaoQiang kernel: wifi_log: [SEND-EAPOL-3/4] - if="wl0", sta_mac="8e:55:af:91:e4:a1", bssid="44:df:65:67:89:2e", action="send-eapol"
2026-07-01T11:28:10+03:00 XiaoQiang kernel: wifi_log: [RECV-EAPOL-4/4] - if="wl0", sta_mac="8e:55:af:91:e4:a1", bssid="44:df:65:67:89:2e", action="recv-eapol"
2026-07-01T11:28:10+03:00 XiaoQiang kernel: wifi_log: [EAPOL-DONE] - if="wl0", sta_mac="8e:55:af:91:e4:a1", bssid="44:df:65:67:89:2e", action="eapol-done"
2026-07-01T11:28:14+03:00 XiaoQiang kernel: wifi_log: [RECV-DISASSOC] - if="wl0", sta_mac="8e:55:af:91:e4:a1", bssid="44:df:65:67:89:2e", action="recv-disassoc", reason="8", rssi="-62"
2026-07-01T11:28:52+03:00 XiaoQiang kernel: wifi_log: [RECV-AUTH] - if="wl0", sta_mac="8e:55:af:91:e4:a1", bssid="44:df:65:67:89:2e", action="recv-auth", rssi="-65", status="0"
2026-07-01T11:28:52+03:00 XiaoQiang kernel: wifi_log: [MLME-AUTH] - if="wl0", sta_mac="8e:55:af:91:e4:a1", bssid="44:df:65:67:89:2e", action="mlme-auth", status="0"
2026-07-01T11:28:52+03:00 XiaoQiang kernel: wifi_log: [RECV-ASSOC] - if="wl0", sta_mac="8e:55:af:91:e4:a1", bssid="44:df:65:67:89:2e", action="recv-assoc", rssi="-64"
2026-07-01T11:28:52+03:00 XiaoQiang kernel: wifi_log: [MLME-ASSOC] - if="wl0", sta_mac="8e:55:af:91:e4:a1", bssid="44:df:65:67:89:2e", action="mlme-assoc", status="0"
2026-07-01T11:28:52+03:00 XiaoQiang kernel: wifi_log: [SEND-EAPOL-1/4] - if="wl0", sta_mac="8e:55:af:91:e4:a1", bssid="44:df:65:67:89:2e", action="send-eapol"
2026-07-01T11:28:52+03:00 XiaoQiang kernel: wifi_log: [RECV-EAPOL-2/4] - if="wl0", sta_mac="8e:55:af:91:e4:a1", bssid="44:df:65:67:89:2e", action="recv-eapol"
2026-07-01T11:28:52+03:00 XiaoQiang kernel: wifi_log: [SEND-EAPOL-3/4] - if="wl0", sta_mac="8e:55:af:91:e4:a1", bssid="44:df:65:67:89:2e", action="send-eapol"
2026-07-01T11:28:52+03:00 XiaoQiang kernel: wifi_log: [RECV-EAPOL-4/4] - if="wl0", sta_mac="8e:55:af:91:e4:a1", bssid="44:df:65:67:89:2e", action="recv-eapol"
2026-07-01T11:28:52+03:00 XiaoQiang kernel: wifi_log: [EAPOL-DONE] - if="wl0", sta_mac="8e:55:af:91:e4:a1", bssid="44:df:65:67:89:2e", action="eapol-done"
2026-07-01T11:28:54+03:00 XiaoQiang kernel: wifi_log: [RECV-DISASSOC] - if="wl0", sta_mac="8e:55:af:91:e4:a1", bssid="44:df:65:67:89:2e", action="recv-disassoc", reason="8", rssi="-62"
2026-07-01T11:29:00+03:00 XiaoQiang kernel: wifi_log: [RECV-AUTH] - if="wl0", sta_mac="8e:55:af:91:e4:a1", bssid="44:df:65:67:89:2e", action="recv-auth", rssi="-65", status="0"
2026-07-01T11:29:00+03:00 XiaoQiang kernel: wifi_log: [MLME-AUTH] - if="wl0", sta_mac="8e:55:af:91:e4:a1", bssid="44:df:65:67:89:2e", action="mlme-auth", status="0"
2026-07-01T11:29:00+03:00 XiaoQiang kernel: wifi_log: [RECV-ASSOC] - if="wl0", sta_mac="8e:55:af:91:e4:a1", bssid="44:df:65:67:89:2e", action="recv-assoc", rssi="-65"
2026-07-01T11:29:00+03:00 XiaoQiang kernel: wifi_log: [MLME-ASSOC] - if="wl0", sta_mac="8e:55:af:91:e4:a1", bssid="44:df:65:67:89:2e", action="mlme-assoc", status="0"
2026-07-01T11:29:00+03:00 XiaoQiang kernel: wifi_log: [SEND-EAPOL-1/4] - if="wl0", sta_mac="8e:55:af:91:e4:a1", bssid="44:df:65:67:89:2e", action="send-eapol"
2026-07-01T11:29:00+03:00 XiaoQiang kernel: wifi_log: [RECV-EAPOL-2/4] - if="wl0", sta_mac="8e:55:af:91:e4:a1", bssid="44:df:65:67:89:2e", action="recv-eapol"
2026-07-01T11:29:00+03:00 XiaoQiang kernel: wifi_log: [SEND-EAPOL-3/4] - if="wl0", sta_mac="8e:55:af:91:e4:a1", bssid="44:df:65:67:89:2e", action="send-eapol"
2026-07-01T11:29:00+03:00 XiaoQiang kernel: wifi_log: [RECV-EAPOL-4/4] - if="wl0", sta_mac="8e:55:af:91:e4:a1", bssid="44:df:65:67:89:2e", action="recv-eapol"
2026-07-01T11:29:00+03:00 XiaoQiang kernel: wifi_log: [EAPOL-DONE] - if="wl0", sta_mac="8e:55:af:91:e4:a1", bssid="44:df:65:67:89:2e", action="eapol-done"
2026-07-01T11:29:24+03:00 XiaoQiang kernel: wifi_log: [RECV-DISASSOC] - if="wl0", sta_mac="8e:55:af:91:e4:a1", bssid="44:df:65:67:89:2e", action="recv-disassoc", reason="8", rssi="-64"
2026-07-01T11:29:28+03:00 XiaoQiang kernel: wifi_log: [RECV-AUTH] - if="wl0", sta_mac="8e:55:af:91:e4:a1", bssid="44:df:65:67:89:2e", action="recv-auth", rssi="-64", status="0"
2026-07-01T11:29:28+03:00 XiaoQiang kernel: wifi_log: [MLME-AUTH] - if="wl0", sta_mac="8e:55:af:91:e4:a1", bssid="44:df:65:67:89:2e", action="mlme-auth", status="0"
2026-07-01T11:29:28+03:00 XiaoQiang kernel: wifi_log: [RECV-ASSOC] - if="wl0", sta_mac="8e:55:af:91:e4:a1", bssid="44:df:65:67:89:2e", action="recv-assoc", rssi="-62"
2026-07-01T11:29:28+03:00 XiaoQiang kernel: wifi_log: [MLME-ASSOC] - if="wl0", sta_mac="8e:55:af:91:e4:a1", bssid="44:df:65:67:89:2e", action="mlme-assoc", status="0"
2026-07-01T11:29:28+03:00 XiaoQiang kernel: wifi_log: [SEND-EAPOL-1/4] - if="wl0", sta_mac="8e:55:af:91:e4:a1", bssid="44:df:65:67:89:2e", action="send-eapol"
2026-07-01T11:29:28+03:00 XiaoQiang kernel: wifi_log: [RECV-EAPOL-2/4] - if="wl0", sta_mac="8e:55:af:91:e4:a1", bssid="44:df:65:67:89:2e", action="recv-eapol"
2026-07-01T11:29:28+03:00 XiaoQiang kernel: wifi_log: [SEND-EAPOL-3/4] - if="wl0", sta_mac="8e:55:af:91:e4:a1", bssid="44:df:65:67:89:2e", action="send-eapol"
2026-07-01T11:29:28+03:00 XiaoQiang kernel: wifi_log: [RECV-EAPOL-4/4] - if="wl0", sta_mac="8e:55:af:91:e4:a1", bssid="44:df:65:67:89:2e", action="recv-eapol"
2026-07-01T11:29:28+03:00 XiaoQiang kernel: wifi_log: [EAPOL-DONE] - if="wl0", sta_mac="8e:55:af:91:e4:a1", bssid="44:df:65:67:89:2e", action="eapol-done"
2026-07-01T11:30:10+03:00 XiaoQiang kernel: wifi_log: [RECV-DISASSOC] - if="wl0", sta_mac="8e:55:af:91:e4:a1", bssid="44:df:65:67:89:2e", action="recv-disassoc", reason="8", rssi="-63"
2026-07-01T11:30:38+03:00 XiaoQiang kernel: wifi_log: [RECV-AUTH] - if="wl0", sta_mac="8e:55:af:91:e4:a1", bssid="44:df:65:67:89:2e", action="recv-auth", rssi="-64", status="0"
2026-07-01T11:30:38+03:00 XiaoQiang kernel: wifi_log: [MLME-AUTH] - if="wl0", sta_mac="8e:55:af:91:e4:a1", bssid="44:df:65:67:89:2e", action="mlme-auth", status="0"
2026-07-01T11:30:38+03:00 XiaoQiang kernel: wifi_log: [RECV-ASSOC] - if="wl0", sta_mac="8e:55:af:91:e4:a1", bssid="44:df:65:67:89:2e", action="recv-assoc", rssi="-62"
2026-07-01T11:30:38+03:00 XiaoQiang kernel: wifi_log: [MLME-ASSOC] - if="wl0", sta_mac="8e:55:af:91:e4:a1", bssid="44:df:65:67:89:2e", action="mlme-assoc", status="0"
2026-07-01T11:30:38+03:00 XiaoQiang kernel: wifi_log: [SEND-EAPOL-1/4] - if="wl0", sta_mac="8e:55:af:91:e4:a1", bssid="44:df:65:67:89:2e", action="send-eapol"
2026-07-01T11:30:38+03:00 XiaoQiang kernel: wifi_log: [RECV-EAPOL-2/4] - if="wl0", sta_mac="8e:55:af:91:e4:a1", bssid="44:df:65:67:89:2e", action="recv-eapol"
2026-07-01T11:30:38+03:00 XiaoQiang kernel: wifi_log: [SEND-EAPOL-3/4] - if="wl0", sta_mac="8e:55:af:91:e4:a1", bssid="44:df:65:67:89:2e", action="send-eapol"
2026-07-01T11:30:38+03:00 XiaoQiang kernel: wifi_log: [RECV-EAPOL-4/4] - if="wl0", sta_mac="8e:55:af:91:e4:a1", bssid="44:df:65:67:89:2e", action="recv-eapol"
2026-07-01T11:30:38+03:00 XiaoQiang kernel: wifi_log: [EAPOL-DONE] - if="wl0", sta_mac="8e:55:af:91:e4:a1", bssid="44:df:65:67:89:2e", action="eapol-done"
2026-07-01T11:30:40+03:00 XiaoQiang kernel: wifi_log: [RECV-DISASSOC] - if="wl0", sta_mac="8e:55:af:91:e4:a1", bssid="44:df:65:67:89:2e", action="recv-disassoc", reason="8", rssi="-64"
2026-07-01T11:31:15+03:00 XiaoQiang kernel: wifi_log: [RECV-AUTH] - if="wl0", sta_mac="8e:55:af:91:e4:a1", bssid="44:df:65:67:89:2e", action="recv-auth", rssi="-63", status="0"
2026-07-01T11:31:15+03:00 XiaoQiang kernel: wifi_log: [MLME-AUTH] - if="wl0", sta_mac="8e:55:af:91:e4:a1", bssid="44:df:65:67:89:2e", action="mlme-auth", status="0"
2026-07-01T11:31:15+03:00 XiaoQiang kernel: wifi_log: [RECV-ASSOC] - if="wl0", sta_mac="8e:55:af:91:e4:a1", bssid="44:df:65:67:89:2e", action="recv-assoc", rssi="-64"
2026-07-01T11:31:15+03:00 XiaoQiang kernel: wifi_log: [MLME-ASSOC] - if="wl0", sta_mac="8e:55:af:91:e4:a1", bssid="44:df:65:67:89:2e", action="mlme-assoc", status="0"
2026-07-01T11:31:16+03:00 XiaoQiang kernel: wifi_log: [SEND-EAPOL-1/4] - if="wl0", sta_mac="8e:55:af:91:e4:a1", bssid="44:df:65:67:89:2e", action="send-eapol"
2026-07-01T11:31:16+03:00 XiaoQiang kernel: wifi_log: [RECV-EAPOL-2/4] - if="wl0", sta_mac="8e:55:af:91:e4:a1", bssid="44:df:65:67:89:2e", action="recv-eapol"
2026-07-01T11:31:16+03:00 XiaoQiang kernel: wifi_log: [SEND-EAPOL-3/4] - if="wl0", sta_mac="8e:55:af:91:e4:a1", bssid="44:df:65:67:89:2e", action="send-eapol"
2026-07-01T11:31:16+03:00 XiaoQiang kernel: wifi_log: [RECV-EAPOL-4/4] - if="wl0", sta_mac="8e:55:af:91:e4:a1", bssid="44:df:65:67:89:2e", action="recv-eapol"
2026-07-01T11:31:16+03:00 XiaoQiang kernel: wifi_log: [EAPOL-DONE] - if="wl0", sta_mac="8e:55:af:91:e4:a1", bssid="44:df:65:67:89:2e", action="eapol-done"
2026-07-01T11:31:19+03:00 XiaoQiang kernel: wifi_log: [RECV-DISASSOC] - if="wl0", sta_mac="8e:55:af:91:e4:a1", bssid="44:df:65:67:89:2e", action="recv-disassoc", reason="8", rssi="-63"
2026-07-01T11:31:49+03:00 XiaoQiang kernel: wifi_log: [RECV-AUTH] - if="wl0", sta_mac="8e:55:af:91:e4:a1", bssid="44:df:65:67:89:2e", action="recv-auth", rssi="-75", status="0"
2026-07-01T11:31:49+03:00 XiaoQiang kernel: wifi_log: [MLME-AUTH] - if="wl0", sta_mac="8e:55:af:91:e4:a1", bssid="44:df:65:67:89:2e", action="mlme-auth", status="0"
2026-07-01T11:31:49+03:00 XiaoQiang kernel: wifi_log: [RECV-ASSOC] - if="wl0", sta_mac="8e:55:af:91:e4:a1", bssid="44:df:65:67:89:2e", action="recv-assoc", rssi="-71"
2026-07-01T11:31:49+03:00 XiaoQiang kernel: wifi_log: [MLME-ASSOC] - if="wl0", sta_mac="8e:55:af:91:e4:a1", bssid="44:df:65:67:89:2e", action="mlme-assoc", status="0"
2026-07-01T11:31:49+03:00 XiaoQiang kernel: wifi_log: [SEND-EAPOL-1/4] - if="wl0", sta_mac="8e:55:af:91:e4:a1", bssid="44:df:65:67:89:2e", action="send-eapol"
2026-07-01T11:31:49+03:00 XiaoQiang kernel: wifi_log: [RECV-EAPOL-2/4] - if="wl0", sta_mac="8e:55:af:91:e4:a1", bssid="44:df:65:67:89:2e", action="recv-eapol"
2026-07-01T11:31:49+03:00 XiaoQiang kernel: wifi_log: [SEND-EAPOL-3/4] - if="wl0", sta_mac="8e:55:af:91:e4:a1", bssid="44:df:65:67:89:2e", action="send-eapol"
2026-07-01T11:31:49+03:00 XiaoQiang kernel: wifi_log: [RECV-EAPOL-4/4] - if="wl0", sta_mac="8e:55:af:91:e4:a1", bssid="44:df:65:67:89:2e", action="recv-eapol"
2026-07-01T11:31:49+03:00 XiaoQiang kernel: wifi_log: [EAPOL-DONE] - if="wl0", sta_mac="8e:55:af:91:e4:a1", bssid="44:df:65:67:89:2e", action="eapol-done"
2026-07-01T11:31:50+03:00 XiaoQiang kernel: wifi_log: [RECV-DISASSOC] - if="wl0", sta_mac="8e:55:af:91:e4:a1", bssid="44:df:65:67:89:2e", action="recv-disassoc", reason="8", rssi="-63"
2026-07-01T11:32:21+03:00 XiaoQiang kernel: wifi_log: [Class 1 - RECV AUTH] - if="wl1", sta_mac="f6:83:c4:6c:d7:3c", bssid="44:df:65:67:89:2d", action="recv-auth", rssi="-66", status="0"
2026-07-01T11:32:21+03:00 XiaoQiang kernel: wifi_log: [Class 1 - SEND AUTH_RSP] - if="wl1", sta_mac="f6:83:c4:6c:d7:3c", bssid="44:df:65:67:89:2d", action="mlme-auth", info="send auth resp(Success)", status="0"
2026-07-01T11:32:21+03:00 XiaoQiang kernel: wifi_log: [Class 2 - RECV ASSOC] - if="wl1", sta_mac="f6:83:c4:6c:d7:3c", bssid="44:df:65:67:89:2d", action="recv-assoc", rssi="-70", Aid="1"
2026-07-01T11:32:21+03:00 XiaoQiang kernel: wifi_log: [Class 2 - SEND ASSOC RSP] - if="wl1", sta_mac="f6:83:c4:6c:d7:3c", bssid="44:df:65:67:89:2d", action="mlme-assoc", status="0", Aid="1"
2026-07-01T11:32:21+03:00 XiaoQiang kernel: wifi_log: [Class 3 - EAPOL START] - if="wl1", sta_mac="f6:83:c4:6c:d7:3c", bssid="44:df:65:67:89:2d", action="eapol-start"
2026-07-01T11:32:21+03:00 XiaoQiang kernel: wifi_log: [Class 3 - SEND EAPOL 1/4] - if="wl1", sta_mac="f6:83:c4:6c:d7:3c", bssid="44:df:65:67:89:2d", action="send-eapol"
2026-07-01T11:32:21+03:00 XiaoQiang kernel: wifi_log: [Class 3 - RECV EAPOL 2/4] - if="wl1", sta_mac="f6:83:c4:6c:d7:3c", bssid="44:df:65:67:89:2d", action="recv-eapol"
2026-07-01T11:32:21+03:00 XiaoQiang kernel: wifi_log: [Class 3 - SEND EAPOL 3/4] - if="wl1", sta_mac="f6:83:c4:6c:d7:3c", bssid="44:df:65:67:89:2d", action="send-eapol"
2026-07-01T11:32:22+03:00 XiaoQiang kernel: wifi_log: [Class 3 - EAPOL DONE] - if="wl1", sta_mac="f6:83:c4:6c:d7:3c", bssid="44:df:65:67:89:2d", action="eapol-done"
2026-07-01T11:32:23+03:00 XiaoQiang kernel: wifi_log: [Class 2 - RECV DISASSOC] - if="wl1", sta_mac="f6:83:c4:6c:d7:3c", bssid="44:df:65:67:89:2d", action="recv-disassoc", reason="8", rssi="-65", Aid="1"
2026-07-01T11:32:53+03:00 XiaoQiang kernel: wifi_log: [RECV-AUTH] - if="wl0", sta_mac="8e:55:af:91:e4:a1", bssid="44:df:65:67:89:2e", action="recv-auth", rssi="-70", status="0"
2026-07-01T11:32:53+03:00 XiaoQiang kernel: wifi_log: [MLME-AUTH] - if="wl0", sta_mac="8e:55:af:91:e4:a1", bssid="44:df:65:67:89:2e", action="mlme-auth", status="0"
2026-07-01T11:32:53+03:00 XiaoQiang kernel: wifi_log: [RECV-ASSOC] - if="wl0", sta_mac="8e:55:af:91:e4:a1", bssid="44:df:65:67:89:2e", action="recv-assoc", rssi="-70"
2026-07-01T11:32:53+03:00 XiaoQiang kernel: wifi_log: [MLME-ASSOC] - if="wl0", sta_mac="8e:55:af:91:e4:a1", bssid="44:df:65:67:89:2e", action="mlme-assoc", status="0"
2026-07-01T11:32:53+03:00 XiaoQiang kernel: wifi_log: [SEND-EAPOL-1/4] - if="wl0", sta_mac="8e:55:af:91:e4:a1", bssid="44:df:65:67:89:2e", action="send-eapol"
2026-07-01T11:32:53+03:00 XiaoQiang kernel: wifi_log: [RECV-EAPOL-2/4] - if="wl0", sta_mac="8e:55:af:91:e4:a1", bssid="44:df:65:67:89:2e", action="recv-eapol"
2026-07-01T11:32:53+03:00 XiaoQiang kernel: wifi_log: [SEND-EAPOL-3/4] - if="wl0", sta_mac="8e:55:af:91:e4:a1", bssid="44:df:65:67:89:2e", action="send-eapol"
2026-07-01T11:32:53+03:00 XiaoQiang kernel: wifi_log: [RECV-EAPOL-4/4] - if="wl0", sta_mac="8e:55:af:91:e4:a1", bssid="44:df:65:67:89:2e", action="recv-eapol"
2026-07-01T11:32:53+03:00 XiaoQiang kernel: wifi_log: [EAPOL-DONE] - if="wl0", sta_mac="8e:55:af:91:e4:a1", bssid="44:df:65:67:89:2e", action="eapol-done"
2026-07-01T11:32:55+03:00 XiaoQiang kernel: wifi_log: [RECV-DISASSOC] - if="wl0", sta_mac="8e:55:af:91:e4:a1", bssid="44:df:65:67:89:2e", action="recv-disassoc", reason="8", rssi="-69"
2026-07-01T11:33:27+03:00 XiaoQiang kernel: wifi_log: [RECV-AUTH] - if="wl0", sta_mac="8e:55:af:91:e4:a1", bssid="44:df:65:67:89:2e", action="recv-auth", rssi="-71", status="0"
2026-07-01T11:33:27+03:00 XiaoQiang kernel: wifi_log: [MLME-AUTH] - if="wl0", sta_mac="8e:55:af:91:e4:a1", bssid="44:df:65:67:89:2e", action="mlme-auth", status="0"
2026-07-01T11:33:27+03:00 XiaoQiang kernel: wifi_log: [RECV-ASSOC] - if="wl0", sta_mac="8e:55:af:91:e4:a1", bssid="44:df:65:67:89:2e", action="recv-assoc", rssi="-70"
2026-07-01T11:33:27+03:00 XiaoQiang kernel: wifi_log: [MLME-ASSOC] - if="wl0", sta_mac="8e:55:af:91:e4:a1", bssid="44:df:65:67:89:2e", action="mlme-assoc", status="0"
2026-07-01T11:33:27+03:00 XiaoQiang kernel: wifi_log: [SEND-EAPOL-1/4] - if="wl0", sta_mac="8e:55:af:91:e4:a1", bssid="44:df:65:67:89:2e", action="send-eapol"
2026-07-01T11:33:27+03:00 XiaoQiang kernel: wifi_log: [RECV-EAPOL-2/4] - if="wl0", sta_mac="8e:55:af:91:e4:a1", bssid="44:df:65:67:89:2e", action="recv-eapol"
2026-07-01T11:33:27+03:00 XiaoQiang kernel: wifi_log: [SEND-EAPOL-3/4] - if="wl0", sta_mac="8e:55:af:91:e4:a1", bssid="44:df:65:67:89:2e", action="send-eapol"
2026-07-01T11:33:27+03:00 XiaoQiang kernel: wifi_log: [RECV-EAPOL-4/4] - if="wl0", sta_mac="8e:55:af:91:e4:a1", bssid="44:df:65:67:89:2e", action="recv-eapol"
2026-07-01T11:33:27+03:00 XiaoQiang kernel: wifi_log: [EAPOL-DONE] - if="wl0", sta_mac="8e:55:af:91:e4:a1", bssid="44:df:65:67:89:2e", action="eapol-done"
2026-07-01T11:33:28+03:00 XiaoQiang kernel: wifi_log: [RECV-DISASSOC] - if="wl0", sta_mac="8e:55:af:91:e4:a1", bssid="44:df:65:67:89:2e", action="recv-disassoc", reason="8", rssi="-67"
2026-07-01T11:34:00+03:00 XiaoQiang kernel: wifi_log: [RECV-AUTH] - if="wl0", sta_mac="8e:55:af:91:e4:a1", bssid="44:df:65:67:89:2e", action="recv-auth", rssi="-75", status="0"
2026-07-01T11:34:00+03:00 XiaoQiang kernel: wifi_log: [MLME-AUTH] - if="wl0", sta_mac="8e:55:af:91:e4:a1", bssid="44:df:65:67:89:2e", action="mlme-auth", status="0"
2026-07-01T11:34:00+03:00 XiaoQiang kernel: wifi_log: [RECV-ASSOC] - if="wl0", sta_mac="8e:55:af:91:e4:a1", bssid="44:df:65:67:89:2e", action="recv-assoc", rssi="-74"
2026-07-01T11:34:00+03:00 XiaoQiang kernel: wifi_log: [MLME-ASSOC] - if="wl0", sta_mac="8e:55:af:91:e4:a1", bssid="44:df:65:67:89:2e", action="mlme-assoc", status="0"
2026-07-01T11:34:00+03:00 XiaoQiang kernel: wifi_log: [SEND-EAPOL-1/4] - if="wl0", sta_mac="8e:55:af:91:e4:a1", bssid="44:df:65:67:89:2e", action="send-eapol"
2026-07-01T11:34:00+03:00 XiaoQiang kernel: wifi_log: [RECV-EAPOL-2/4] - if="wl0", sta_mac="8e:55:af:91:e4:a1", bssid="44:df:65:67:89:2e", action="recv-eapol"
2026-07-01T11:34:00+03:00 XiaoQiang kernel: wifi_log: [SEND-EAPOL-3/4] - if="wl0", sta_mac="8e:55:af:91:e4:a1", bssid="44:df:65:67:89:2e", action="send-eapol"
2026-07-01T11:34:00+03:00 XiaoQiang kernel: wifi_log: [RECV-EAPOL-4/4] - if="wl0", sta_mac="8e:55:af:91:e4:a1", bssid="44:df:65:67:89:2e", action="recv-eapol"
2026-07-01T11:34:00+03:00 XiaoQiang kernel: wifi_log: [EAPOL-DONE] - if="wl0", sta_mac="8e:55:af:91:e4:a1", bssid="44:df:65:67:89:2e", action="eapol-done"
2026-07-01T11:34:02+03:00 XiaoQiang kernel: wifi_log: [RECV-DISASSOC] - if="wl0", sta_mac="8e:55:af:91:e4:a1", bssid="44:df:65:67:89:2e", action="recv-disassoc", reason="8", rssi="-65"
2026-07-01T11:34:32+03:00 XiaoQiang kernel: wifi_log: [RECV-AUTH] - if="wl0", sta_mac="8e:55:af:91:e4:a1", bssid="44:df:65:67:89:2e", action="recv-auth", rssi="-74", status="0"
2026-07-01T11:34:32+03:00 XiaoQiang kernel: wifi_log: [MLME-AUTH] - if="wl0", sta_mac="8e:55:af:91:e4:a1", bssid="44:df:65:67:89:2e", action="mlme-auth", status="0"
2026-07-01T11:34:33+03:00 XiaoQiang kernel: wifi_log: [RECV-ASSOC] - if="wl0", sta_mac="8e:55:af:91:e4:a1", bssid="44:df:65:67:89:2e", action="recv-assoc", rssi="-74"
2026-07-01T11:34:33+03:00 XiaoQiang kernel: wifi_log: [MLME-ASSOC] - if="wl0", sta_mac="8e:55:af:91:e4:a1", bssid="44:df:65:67:89:2e", action="mlme-assoc", status="0"
2026-07-01T11:34:33+03:00 XiaoQiang kernel: wifi_log: [SEND-EAPOL-1/4] - if="wl0", sta_mac="8e:55:af:91:e4:a1", bssid="44:df:65:67:89:2e", action="send-eapol"
2026-07-01T11:34:33+03:00 XiaoQiang kernel: wifi_log: [RECV-EAPOL-2/4] - if="wl0", sta_mac="8e:55:af:91:e4:a1", bssid="44:df:65:67:89:2e", action="recv-eapol"
2026-07-01T11:34:33+03:00 XiaoQiang kernel: wifi_log: [SEND-EAPOL-3/4] - if="wl0", sta_mac="8e:55:af:91:e4:a1", bssid="44:df:65:67:89:2e", action="send-eapol"
2026-07-01T11:34:33+03:00 XiaoQiang kernel: wifi_log: [RECV-EAPOL-4/4] - if="wl0", sta_mac="8e:55:af:91:e4:a1", bssid="44:df:65:67:89:2e", action="recv-eapol"
2026-07-01T11:34:33+03:00 XiaoQiang kernel: wifi_log: [EAPOL-DONE] - if="wl0", sta_mac="8e:55:af:91:e4:a1", bssid="44:df:65:67:89:2e", action="eapol-done"
2026-07-01T11:34:34+03:00 XiaoQiang kernel: wifi_log: [RECV-DISASSOC] - if="wl0", sta_mac="8e:55:af:91:e4:a1", bssid="44:df:65:67:89:2e", action="recv-disassoc", reason="8", rssi="-71"
2026-07-01T11:35:05+03:00 XiaoQiang kernel: wifi_log: [RECV-AUTH] - if="wl0", sta_mac="8e:55:af:91:e4:a1", bssid="44:df:65:67:89:2e", action="recv-auth", rssi="-77", status="0"
2026-07-01T11:35:05+03:00 XiaoQiang kernel: wifi_log: [MLME-AUTH] - if="wl0", sta_mac="8e:55:af:91:e4:a1", bssid="44:df:65:67:89:2e", action="mlme-auth", status="0"
2026-07-01T11:35:05+03:00 XiaoQiang kernel: wifi_log: [RECV-ASSOC] - if="wl0", sta_mac="8e:55:af:91:e4:a1", bssid="44:df:65:67:89:2e", action="recv-assoc", rssi="-77"
2026-07-01T11:35:05+03:00 XiaoQiang kernel: wifi_log: [MLME-ASSOC] - if="wl0", sta_mac="8e:55:af:91:e4:a1", bssid="44:df:65:67:89:2e", action="mlme-assoc", status="0"
2026-07-01T11:35:05+03:00 XiaoQiang kernel: wifi_log: [SEND-EAPOL-1/4] - if="wl0", sta_mac="8e:55:af:91:e4:a1", bssid="44:df:65:67:89:2e", action="send-eapol"
2026-07-01T11:35:05+03:00 XiaoQiang kernel: wifi_log: [RECV-EAPOL-2/4] - if="wl0", sta_mac="8e:55:af:91:e4:a1", bssid="44:df:65:67:89:2e", action="recv-eapol"
2026-07-01T11:35:05+03:00 XiaoQiang kernel: wifi_log: [SEND-EAPOL-3/4] - if="wl0", sta_mac="8e:55:af:91:e4:a1", bssid="44:df:65:67:89:2e", action="send-eapol"
2026-07-01T11:35:05+03:00 XiaoQiang kernel: wifi_log: [RECV-EAPOL-4/4] - if="wl0", sta_mac="8e:55:af:91:e4:a1", bssid="44:df:65:67:89:2e", action="recv-eapol"
2026-07-01T11:35:05+03:00 XiaoQiang kernel: wifi_log: [EAPOL-DONE] - if="wl0", sta_mac="8e:55:af:91:e4:a1", bssid="44:df:65:67:89:2e", action="eapol-done"
2026-07-01T11:35:06+03:00 XiaoQiang kernel: wifi_log: [RECV-DISASSOC] - if="wl0", sta_mac="8e:55:af:91:e4:a1", bssid="44:df:65:67:89:2e", action="recv-disassoc", reason="8", rssi="-68"
2026-07-01T11:35:36+03:00 XiaoQiang kernel: wifi_log: [RECV-AUTH] - if="wl0", sta_mac="8e:55:af:91:e4:a1", bssid="44:df:65:67:89:2e", action="recv-auth", rssi="-74", status="0"
2026-07-01T11:35:36+03:00 XiaoQiang kernel: wifi_log: [MLME-AUTH] - if="wl0", sta_mac="8e:55:af:91:e4:a1", bssid="44:df:65:67:89:2e", action="mlme-auth", status="0"
2026-07-01T11:35:36+03:00 XiaoQiang kernel: wifi_log: [RECV-ASSOC] - if="wl0", sta_mac="8e:55:af:91:e4:a1", bssid="44:df:65:67:89:2e", action="recv-assoc", rssi="-74"
2026-07-01T11:35:36+03:00 XiaoQiang kernel: wifi_log: [MLME-ASSOC] - if="wl0", sta_mac="8e:55:af:91:e4:a1", bssid="44:df:65:67:89:2e", action="mlme-assoc", status="0"
2026-07-01T11:35:36+03:00 XiaoQiang kernel: wifi_log: [SEND-EAPOL-1/4] - if="wl0", sta_mac="8e:55:af:91:e4:a1", bssid="44:df:65:67:89:2e", action="send-eapol"
2026-07-01T11:35:36+03:00 XiaoQiang kernel: wifi_log: [RECV-EAPOL-2/4] - if="wl0", sta_mac="8e:55:af:91:e4:a1", bssid="44:df:65:67:89:2e", action="recv-eapol"
2026-07-01T11:35:36+03:00 XiaoQiang kernel: wifi_log: [SEND-EAPOL-3/4] - if="wl0", sta_mac="8e:55:af:91:e4:a1", bssid="44:df:65:67:89:2e", action="send-eapol"
2026-07-01T11:35:36+03:00 XiaoQiang kernel: wifi_log: [RECV-EAPOL-4/4] - if="wl0", sta_mac="8e:55:af:91:e4:a1", bssid="44:df:65:67:89:2e", action="recv-eapol"
2026-07-01T11:35:36+03:00 XiaoQiang kernel: wifi_log: [EAPOL-DONE] - if="wl0", sta_mac="8e:55:af:91:e4:a1", bssid="44:df:65:67:89:2e", action="eapol-done"
2026-07-01T11:35:38+03:00 XiaoQiang kernel: wifi_log: [RECV-DISASSOC] - if="wl0", sta_mac="8e:55:af:91:e4:a1", bssid="44:df:65:67:89:2e", action="recv-disassoc", reason="8", rssi="-68"
2026-07-01T11:36:10+03:00 XiaoQiang kernel: wifi_log: [RECV-AUTH] - if="wl0", sta_mac="8e:55:af:91:e4:a1", bssid="44:df:65:67:89:2e", action="recv-auth", rssi="-75", status="0"
2026-07-01T11:36:10+03:00 XiaoQiang kernel: wifi_log: [MLME-AUTH] - if="wl0", sta_mac="8e:55:af:91:e4:a1", bssid="44:df:65:67:89:2e", action="mlme-auth", status="0"
2026-07-01T11:36:10+03:00 XiaoQiang kernel: wifi_log: [RECV-ASSOC] - if="wl0", sta_mac="8e:55:af:91:e4:a1", bssid="44:df:65:67:89:2e", action="recv-assoc", rssi="-75"
2026-07-01T11:36:10+03:00 XiaoQiang kernel: wifi_log: [MLME-ASSOC] - if="wl0", sta_mac="8e:55:af:91:e4:a1", bssid="44:df:65:67:89:2e", action="mlme-assoc", status="0"
2026-07-01T11:36:10+03:00 XiaoQiang kernel: wifi_log: [SEND-EAPOL-1/4] - if="wl0", sta_mac="8e:55:af:91:e4:a1", bssid="44:df:65:67:89:2e", action="send-eapol"
2026-07-01T11:36:10+03:00 XiaoQiang kernel: wifi_log: [RECV-EAPOL-2/4] - if="wl0", sta_mac="8e:55:af:91:e4:a1", bssid="44:df:65:67:89:2e", action="recv-eapol"
2026-07-01T11:36:10+03:00 XiaoQiang kernel: wifi_log: [SEND-EAPOL-3/4] - if="wl0", sta_mac="8e:55:af:91:e4:a1", bssid="44:df:65:67:89:2e", action="send-eapol"
2026-07-01T11:36:10+03:00 XiaoQiang kernel: wifi_log: [RECV-EAPOL-4/4] - if="wl0", sta_mac="8e:55:af:91:e4:a1", bssid="44:df:65:67:89:2e", action="recv-eapol"
2026-07-01T11:36:10+03:00 XiaoQiang kernel: wifi_log: [EAPOL-DONE] - if="wl0", sta_mac="8e:55:af:91:e4:a1", bssid="44:df:65:67:89:2e", action="eapol-done"
2026-07-01T11:36:11+03:00 XiaoQiang kernel: wifi_log: [RECV-DISASSOC] - if="wl0", sta_mac="8e:55:af:91:e4:a1", bssid="44:df:65:67:89:2e", action="recv-disassoc", reason="8", rssi="-68"
2026-07-01T11:36:41+03:00 XiaoQiang kernel: wifi_log: [RECV-AUTH] - if="wl0", sta_mac="8e:55:af:91:e4:a1", bssid="44:df:65:67:89:2e", action="recv-auth", rssi="-69", status="0"
2026-07-01T11:36:41+03:00 XiaoQiang kernel: wifi_log: [MLME-AUTH] - if="wl0", sta_mac="8e:55:af:91:e4:a1", bssid="44:df:65:67:89:2e", action="mlme-auth", status="0"
2026-07-01T11:36:41+03:00 XiaoQiang kernel: wifi_log: [RECV-ASSOC] - if="wl0", sta_mac="8e:55:af:91:e4:a1", bssid="44:df:65:67:89:2e", action="recv-assoc", rssi="-68"
2026-07-01T11:36:41+03:00 XiaoQiang kernel: wifi_log: [MLME-ASSOC] - if="wl0", sta_mac="8e:55:af:91:e4:a1", bssid="44:df:65:67:89:2e", action="mlme-assoc", status="0"
2026-07-01T11:36:41+03:00 XiaoQiang kernel: wifi_log: [SEND-EAPOL-1/4] - if="wl0", sta_mac="8e:55:af:91:e4:a1", bssid="44:df:65:67:89:2e", action="send-eapol"
2026-07-01T11:36:41+03:00 XiaoQiang kernel: wifi_log: [RECV-EAPOL-2/4] - if="wl0", sta_mac="8e:55:af:91:e4:a1", bssid="44:df:65:67:89:2e", action="recv-eapol"
2026-07-01T11:36:41+03:00 XiaoQiang kernel: wifi_log: [SEND-EAPOL-3/4] - if="wl0", sta_mac="8e:55:af:91:e4:a1", bssid="44:df:65:67:89:2e", action="send-eapol"
2026-07-01T11:36:41+03:00 XiaoQiang kernel: wifi_log: [RECV-EAPOL-4/4] - if="wl0", sta_mac="8e:55:af:91:e4:a1", bssid="44:df:65:67:89:2e", action="recv-eapol"
2026-07-01T11:36:41+03:00 XiaoQiang kernel: wifi_log: [EAPOL-DONE] - if="wl0", sta_mac="8e:55:af:91:e4:a1", bssid="44:df:65:67:89:2e", action="eapol-done"
2026-07-01T11:36:49+03:00 XiaoQiang kernel: wifi_log: [RECV-DISASSOC] - if="wl0", sta_mac="8e:55:af:91:e4:a1", bssid="44:df:65:67:89:2e", action="recv-disassoc", reason="8", rssi="-64"
2026-07-01T11:37:22+03:00 XiaoQiang kernel: wifi_log: [RECV-AUTH] - if="wl0", sta_mac="8e:55:af:91:e4:a1", bssid="44:df:65:67:89:2e", action="recv-auth", rssi="-67", status="0"
2026-07-01T11:37:22+03:00 XiaoQiang kernel: wifi_log: [MLME-AUTH] - if="wl0", sta_mac="8e:55:af:91:e4:a1", bssid="44:df:65:67:89:2e", action="mlme-auth", status="0"
2026-07-01T11:37:22+03:00 XiaoQiang kernel: wifi_log: [RECV-ASSOC] - if="wl0", sta_mac="8e:55:af:91:e4:a1", bssid="44:df:65:67:89:2e", action="recv-assoc", rssi="-67"
2026-07-01T11:37:22+03:00 XiaoQiang kernel: wifi_log: [MLME-ASSOC] - if="wl0", sta_mac="8e:55:af:91:e4:a1", bssid="44:df:65:67:89:2e", action="mlme-assoc", status="0"
2026-07-01T11:37:22+03:00 XiaoQiang kernel: wifi_log: [SEND-EAPOL-1/4] - if="wl0", sta_mac="8e:55:af:91:e4:a1", bssid="44:df:65:67:89:2e", action="send-eapol"
2026-07-01T11:37:22+03:00 XiaoQiang kernel: wifi_log: [RECV-EAPOL-2/4] - if="wl0", sta_mac="8e:55:af:91:e4:a1", bssid="44:df:65:67:89:2e", action="recv-eapol"
2026-07-01T11:37:22+03:00 XiaoQiang kernel: wifi_log: [SEND-EAPOL-3/4] - if="wl0", sta_mac="8e:55:af:91:e4:a1", bssid="44:df:65:67:89:2e", action="send-eapol"
2026-07-01T11:37:22+03:00 XiaoQiang kernel: wifi_log: [RECV-EAPOL-4/4] - if="wl0", sta_mac="8e:55:af:91:e4:a1", bssid="44:df:65:67:89:2e", action="recv-eapol"
2026-07-01T11:37:22+03:00 XiaoQiang kernel: wifi_log: [EAPOL-DONE] - if="wl0", sta_mac="8e:55:af:91:e4:a1", bssid="44:df:65:67:89:2e", action="eapol-done"
2026-07-01T11:37:24+03:00 XiaoQiang kernel: wifi_log: [RECV-DISASSOC] - if="wl0", sta_mac="8e:55:af:91:e4:a1", bssid="44:df:65:67:89:2e", action="recv-disassoc", reason="8", rssi="-65"
2026-07-01T11:37:54+03:00 XiaoQiang kernel: wifi_log: [RECV-AUTH] - if="wl0", sta_mac="8e:55:af:91:e4:a1", bssid="44:df:65:67:89:2e", action="recv-auth", rssi="-67", status="0"
2026-07-01T11:37:54+03:00 XiaoQiang kernel: wifi_log: [MLME-AUTH] - if="wl0", sta_mac="8e:55:af:91:e4:a1", bssid="44:df:65:67:89:2e", action="mlme-auth", status="0"
2026-07-01T11:37:54+03:00 XiaoQiang kernel: wifi_log: [RECV-ASSOC] - if="wl0", sta_mac="8e:55:af:91:e4:a1", bssid="44:df:65:67:89:2e", action="recv-assoc", rssi="-67"
2026-07-01T11:37:54+03:00 XiaoQiang kernel: wifi_log: [MLME-ASSOC] - if="wl0", sta_mac="8e:55:af:91:e4:a1", bssid="44:df:65:67:89:2e", action="mlme-assoc", status="0"
2026-07-01T11:37:54+03:00 XiaoQiang kernel: wifi_log: [SEND-EAPOL-1/4] - if="wl0", sta_mac="8e:55:af:91:e4:a1", bssid="44:df:65:67:89:2e", action="send-eapol"
2026-07-01T11:37:54+03:00 XiaoQiang kernel: wifi_log: [RECV-EAPOL-2/4] - if="wl0", sta_mac="8e:55:af:91:e4:a1", bssid="44:df:65:67:89:2e", action="recv-eapol"
2026-07-01T11:37:54+03:00 XiaoQiang kernel: wifi_log: [SEND-EAPOL-3/4] - if="wl0", sta_mac="8e:55:af:91:e4:a1", bssid="44:df:65:67:89:2e", action="send-eapol"
2026-07-01T11:37:54+03:00 XiaoQiang kernel: wifi_log: [RECV-EAPOL-4/4] - if="wl0", sta_mac="8e:55:af:91:e4:a1", bssid="44:df:65:67:89:2e", action="recv-eapol"
2026-07-01T11:37:54+03:00 XiaoQiang kernel: wifi_log: [EAPOL-DONE] - if="wl0", sta_mac="8e:55:af:91:e4:a1", bssid="44:df:65:67:89:2e", action="eapol-done"
2026-07-01T11:37:56+03:00 XiaoQiang kernel: wifi_log: [RECV-DISASSOC] - if="wl0", sta_mac="8e:55:af:91:e4:a1", bssid="44:df:65:67:89:2e", action="recv-disassoc", reason="8", rssi="-66"
2026-07-01T11:38:18+03:00 XiaoQiang kernel: wifi_log: [RECV-AUTH] - if="wl0", sta_mac="8e:55:af:91:e4:a1", bssid="44:df:65:67:89:2e", action="recv-auth", rssi="-72", status="0"
2026-07-01T11:38:18+03:00 XiaoQiang kernel: wifi_log: [MLME-AUTH] - if="wl0", sta_mac="8e:55:af:91:e4:a1", bssid="44:df:65:67:89:2e", action="mlme-auth", status="0"
2026-07-01T11:38:18+03:00 XiaoQiang kernel: wifi_log: [RECV-ASSOC] - if="wl0", sta_mac="8e:55:af:91:e4:a1", bssid="44:df:65:67:89:2e", action="recv-assoc", rssi="-70"
2026-07-01T11:38:18+03:00 XiaoQiang kernel: wifi_log: [MLME-ASSOC] - if="wl0", sta_mac="8e:55:af:91:e4:a1", bssid="44:df:65:67:89:2e", action="mlme-assoc", status="0"
2026-07-01T11:38:18+03:00 XiaoQiang kernel: wifi_log: [SEND-EAPOL-1/4] - if="wl0", sta_mac="8e:55:af:91:e4:a1", bssid="44:df:65:67:89:2e", action="send-eapol"
2026-07-01T11:38:18+03:00 XiaoQiang kernel: wifi_log: [RECV-EAPOL-2/4] - if="wl0", sta_mac="8e:55:af:91:e4:a1", bssid="44:df:65:67:89:2e", action="recv-eapol"
2026-07-01T11:38:18+03:00 XiaoQiang kernel: wifi_log: [SEND-EAPOL-3/4] - if="wl0", sta_mac="8e:55:af:91:e4:a1", bssid="44:df:65:67:89:2e", action="send-eapol"
2026-07-01T11:38:18+03:00 XiaoQiang kernel: wifi_log: [RECV-EAPOL-4/4] - if="wl0", sta_mac="8e:55:af:91:e4:a1", bssid="44:df:65:67:89:2e", action="recv-eapol"
2026-07-01T11:38:18+03:00 XiaoQiang kernel: wifi_log: [EAPOL-DONE] - if="wl0", sta_mac="8e:55:af:91:e4:a1", bssid="44:df:65:67:89:2e", action="eapol-done"
2026-07-01T11:51:11+03:00 XiaoQiang kernel: wifi_log: [RECV-DISASSOC] - if="wl0", sta_mac="92:76:15:ad:e9:bc", bssid="44:df:65:67:89:2e", action="recv-disassoc", reason="8", rssi="-81"
2026-07-01T13:43:31+03:00 XiaoQiang kernel: wifi_log: [RECV-AUTH] - if="wl0", sta_mac="92:76:15:ad:e9:bc", bssid="44:df:65:67:89:2e", action="recv-auth", rssi="-73", status="0"
2026-07-01T13:43:31+03:00 XiaoQiang kernel: wifi_log: [MLME-AUTH] - if="wl0", sta_mac="92:76:15:ad:e9:bc", bssid="44:df:65:67:89:2e", action="mlme-auth", status="0"
2026-07-01T13:43:31+03:00 XiaoQiang kernel: wifi_log: [RECV-ASSOC] - if="wl0", sta_mac="92:76:15:ad:e9:bc", bssid="44:df:65:67:89:2e", action="recv-assoc", rssi="-72"
2026-07-01T13:43:31+03:00 XiaoQiang kernel: wifi_log: [MLME-ASSOC] - if="wl0", sta_mac="92:76:15:ad:e9:bc", bssid="44:df:65:67:89:2e", action="mlme-assoc", status="0"
2026-07-01T13:43:31+03:00 XiaoQiang kernel: wifi_log: [SEND-EAPOL-1/4] - if="wl0", sta_mac="92:76:15:ad:e9:bc", bssid="44:df:65:67:89:2e", action="send-eapol"
2026-07-01T13:43:31+03:00 XiaoQiang kernel: wifi_log: [RECV-EAPOL-2/4] - if="wl0", sta_mac="92:76:15:ad:e9:bc", bssid="44:df:65:67:89:2e", action="recv-eapol"
2026-07-01T13:43:31+03:00 XiaoQiang kernel: wifi_log: [SEND-EAPOL-3/4] - if="wl0", sta_mac="92:76:15:ad:e9:bc", bssid="44:df:65:67:89:2e", action="send-eapol"
2026-07-01T13:43:31+03:00 XiaoQiang kernel: wifi_log: [RECV-EAPOL-4/4] - if="wl0", sta_mac="92:76:15:ad:e9:bc", bssid="44:df:65:67:89:2e", action="recv-eapol"
2026-07-01T13:43:31+03:00 XiaoQiang kernel: wifi_log: [EAPOL-DONE] - if="wl0", sta_mac="92:76:15:ad:e9:bc", bssid="44:df:65:67:89:2e", action="eapol-done"
2026-07-01T13:48:59+03:00 XiaoQiang kernel: wifi_log: [RECV-DISASSOC] - if="wl0", sta_mac="92:76:15:ad:e9:bc", bssid="44:df:65:67:89:2e", action="recv-disassoc", reason="8", rssi="-67"
2026-07-01T15:32:42+03:00 XiaoQiang kernel: wifi_log: [RECV-DISASSOC] - if="wl0", sta_mac="8c:85:90:2a:b2:d9", bssid="44:df:65:67:89:2e", action="recv-disassoc", reason="8", rssi="-84"
2026-07-01T17:29:26+03:00 XiaoQiang kernel: wifi_log: [RECV-AUTH] - if="wl0", sta_mac="8c:85:90:2a:b2:d9", bssid="44:df:65:67:89:2e", action="recv-auth", rssi="-91", status="0"
2026-07-01T17:29:26+03:00 XiaoQiang kernel: wifi_log: [MLME-AUTH] - if="wl0", sta_mac="8c:85:90:2a:b2:d9", bssid="44:df:65:67:89:2e", action="mlme-auth", status="0"
2026-07-01T17:29:26+03:00 XiaoQiang kernel: wifi_log: [RECV-ASSOC] - if="wl0", sta_mac="8c:85:90:2a:b2:d9", bssid="44:df:65:67:89:2e", action="recv-assoc", rssi="-92"
2026-07-01T17:29:26+03:00 XiaoQiang kernel: wifi_log: [MLME-ASSOC] - if="wl0", sta_mac="8c:85:90:2a:b2:d9", bssid="44:df:65:67:89:2e", action="mlme-assoc", status="0"
2026-07-01T17:29:26+03:00 XiaoQiang kernel: wifi_log: [SEND-EAPOL-1/4] - if="wl0", sta_mac="8c:85:90:2a:b2:d9", bssid="44:df:65:67:89:2e", action="send-eapol"
2026-07-01T17:29:26+03:00 XiaoQiang kernel: wifi_log: [RECV-EAPOL-2/4] - if="wl0", sta_mac="8c:85:90:2a:b2:d9", bssid="44:df:65:67:89:2e", action="recv-eapol"
2026-07-01T17:29:26+03:00 XiaoQiang kernel: wifi_log: [SEND-EAPOL-3/4] - if="wl0", sta_mac="8c:85:90:2a:b2:d9", bssid="44:df:65:67:89:2e", action="send-eapol"
2026-07-01T17:29:26+03:00 XiaoQiang kernel: wifi_log: [RECV-EAPOL-4/4] - if="wl0", sta_mac="8c:85:90:2a:b2:d9", bssid="44:df:65:67:89:2e", action="recv-eapol"
2026-07-01T17:29:26+03:00 XiaoQiang kernel: wifi_log: [EAPOL-DONE] - if="wl0", sta_mac="8c:85:90:2a:b2:d9", bssid="44:df:65:67:89:2e", action="eapol-done"
2026-07-01T20:05:41+03:00 XiaoQiang kernel: wifi_log: [RECV-DISASSOC] - if="wl0", sta_mac="8e:55:af:91:e4:a1", bssid="44:df:65:67:89:2e", action="recv-disassoc", reason="8", rssi="-76"
2026-07-01T20:06:17+03:00 XiaoQiang kernel: wifi_log: [RECV-AUTH] - if="wl0", sta_mac="8e:55:af:91:e4:a1", bssid="44:df:65:67:89:2e", action="recv-auth", rssi="-82", status="0"
2026-07-01T20:06:17+03:00 XiaoQiang kernel: wifi_log: [MLME-AUTH] - if="wl0", sta_mac="8e:55:af:91:e4:a1", bssid="44:df:65:67:89:2e", action="mlme-auth", status="0"
2026-07-01T20:06:17+03:00 XiaoQiang kernel: wifi_log: [RECV-ASSOC] - if="wl0", sta_mac="8e:55:af:91:e4:a1", bssid="44:df:65:67:89:2e", action="recv-assoc", rssi="-82"
2026-07-01T20:06:18+03:00 XiaoQiang kernel: wifi_log: [MLME-ASSOC] - if="wl0", sta_mac="8e:55:af:91:e4:a1", bssid="44:df:65:67:89:2e", action="mlme-assoc", status="0"
2026-07-01T20:06:18+03:00 XiaoQiang kernel: wifi_log: [SEND-EAPOL-1/4] - if="wl0", sta_mac="8e:55:af:91:e4:a1", bssid="44:df:65:67:89:2e", action="send-eapol"
2026-07-01T20:06:18+03:00 XiaoQiang kernel: wifi_log: [RECV-EAPOL-2/4] - if="wl0", sta_mac="8e:55:af:91:e4:a1", bssid="44:df:65:67:89:2e", action="recv-eapol"
2026-07-01T20:06:18+03:00 XiaoQiang kernel: wifi_log: [SEND-EAPOL-3/4] - if="wl0", sta_mac="8e:55:af:91:e4:a1", bssid="44:df:65:67:89:2e", action="send-eapol"
2026-07-01T20:06:18+03:00 XiaoQiang kernel: wifi_log: [RECV-EAPOL-4/4] - if="wl0", sta_mac="8e:55:af:91:e4:a1", bssid="44:df:65:67:89:2e", action="recv-eapol"
2026-07-01T20:06:18+03:00 XiaoQiang kernel: wifi_log: [EAPOL-DONE] - if="wl0", sta_mac="8e:55:af:91:e4:a1", bssid="44:df:65:67:89:2e", action="eapol-done"
2026-07-01T20:06:19+03:00 XiaoQiang kernel: wifi_log: [RECV-DISASSOC] - if="wl0", sta_mac="8e:55:af:91:e4:a1", bssid="44:df:65:67:89:2e", action="recv-disassoc", reason="8", rssi="-74"
2026-07-01T20:06:37+03:00 XiaoQiang kernel: wifi_log: [RECV-AUTH] - if="wl0", sta_mac="8e:55:af:91:e4:a1", bssid="44:df:65:67:89:2e", action="recv-auth", rssi="-80", status="0"
2026-07-01T20:06:37+03:00 XiaoQiang kernel: wifi_log: [MLME-AUTH] - if="wl0", sta_mac="8e:55:af:91:e4:a1", bssid="44:df:65:67:89:2e", action="mlme-auth", status="0"
2026-07-01T20:06:37+03:00 XiaoQiang kernel: wifi_log: [RECV-ASSOC] - if="wl0", sta_mac="8e:55:af:91:e4:a1", bssid="44:df:65:67:89:2e", action="recv-assoc", rssi="-78"
2026-07-01T20:06:37+03:00 XiaoQiang kernel: wifi_log: [MLME-ASSOC] - if="wl0", sta_mac="8e:55:af:91:e4:a1", bssid="44:df:65:67:89:2e", action="mlme-assoc", status="0"
2026-07-01T20:06:38+03:00 XiaoQiang kernel: wifi_log: [SEND-EAPOL-1/4] - if="wl0", sta_mac="8e:55:af:91:e4:a1", bssid="44:df:65:67:89:2e", action="send-eapol"
2026-07-01T20:06:38+03:00 XiaoQiang kernel: wifi_log: [RECV-EAPOL-2/4] - if="wl0", sta_mac="8e:55:af:91:e4:a1", bssid="44:df:65:67:89:2e", action="recv-eapol"
2026-07-01T20:06:38+03:00 XiaoQiang kernel: wifi_log: [SEND-EAPOL-3/4] - if="wl0", sta_mac="8e:55:af:91:e4:a1", bssid="44:df:65:67:89:2e", action="send-eapol"
2026-07-01T20:06:38+03:00 XiaoQiang kernel: wifi_log: [RECV-EAPOL-4/4] - if="wl0", sta_mac="8e:55:af:91:e4:a1", bssid="44:df:65:67:89:2e", action="recv-eapol"
2026-07-01T20:06:38+03:00 XiaoQiang kernel: wifi_log: [EAPOL-DONE] - if="wl0", sta_mac="8e:55:af:91:e4:a1", bssid="44:df:65:67:89:2e", action="eapol-done"
2026-07-01T22:16:02+03:00 XiaoQiang kernel: wifi_log: [SEND-DEAUTH] - if="wl0", sta_mac="b8:87:6e:ee:8b:6c", bssid="44:df:65:67:89:2e", action="send-deauth", reason="3"
2026-07-02T04:16:39+03:00 XiaoQiang kernel: wifi_log: [SEND-DEAUTH] - if="wl0", sta_mac="8e:55:af:91:e4:a1", bssid="44:df:65:67:89:2e", action="send-deauth", reason="3"
2026-07-02T04:46:12+03:00 XiaoQiang kernel: wifi_log: [RECV-AUTH] - if="wl0", sta_mac="cc:b0:b3:69:24:c6", bssid="44:df:65:67:89:2e", action="recv-auth", rssi="-68", status="0"
2026-07-02T04:46:12+03:00 XiaoQiang kernel: wifi_log: [MLME-AUTH] - if="wl0", sta_mac="cc:b0:b3:69:24:c6", bssid="44:df:65:67:89:2e", action="mlme-auth", status="0"
2026-07-02T04:46:12+03:00 XiaoQiang kernel: wifi_log: [RECV-ASSOC] - if="wl0", sta_mac="cc:b0:b3:69:24:c6", bssid="44:df:65:67:89:2e", action="recv-assoc", rssi="-68"
2026-07-02T04:46:12+03:00 XiaoQiang kernel: wifi_log: [MLME-ASSOC] - if="wl0", sta_mac="cc:b0:b3:69:24:c6", bssid="44:df:65:67:89:2e", action="mlme-assoc", status="0"
2026-07-02T04:46:12+03:00 XiaoQiang kernel: wifi_log: [SEND-EAPOL-1/4] - if="wl0", sta_mac="cc:b0:b3:69:24:c6", bssid="44:df:65:67:89:2e", action="send-eapol"
2026-07-02T04:46:12+03:00 XiaoQiang kernel: wifi_log: [RECV-EAPOL-2/4] - if="wl0", sta_mac="cc:b0:b3:69:24:c6", bssid="44:df:65:67:89:2e", action="recv-eapol"
2026-07-02T04:46:12+03:00 XiaoQiang kernel: wifi_log: [SEND-EAPOL-3/4] - if="wl0", sta_mac="cc:b0:b3:69:24:c6", bssid="44:df:65:67:89:2e", action="send-eapol"
2026-07-02T04:46:12+03:00 XiaoQiang kernel: wifi_log: [RECV-EAPOL-4/4] - if="wl0", sta_mac="cc:b0:b3:69:24:c6", bssid="44:df:65:67:89:2e", action="recv-eapol"
2026-07-02T04:46:12+03:00 XiaoQiang kernel: wifi_log: [EAPOL-DONE] - if="wl0", sta_mac="cc:b0:b3:69:24:c6", bssid="44:df:65:67:89:2e", action="eapol-done"
2026-07-02T04:49:22+03:00 XiaoQiang kernel: wifi_log: [RECV-DISASSOC] - if="wl0", sta_mac="cc:b0:b3:69:24:c6", bssid="44:df:65:67:89:2e", action="recv-disassoc", reason="8", rssi="-66"
2026-07-02T04:49:22+03:00 XiaoQiang kernel: wifi_log: [RECV-DEAUTH] - if="wl0", sta_mac="cc:b0:b3:69:24:c6", bssid="44:df:65:67:89:2e", action="recv-deauth", reason="8", rssi="-65"
2026-07-02T05:48:18+03:00 XiaoQiang kernel: wifi_log: [Class 1 - RECV AUTH] - if="wl1", sta_mac="f6:83:c4:6c:d7:3c", bssid="44:df:65:67:89:2d", action="recv-auth", rssi="-58", status="0"
2026-07-02T05:48:18+03:00 XiaoQiang kernel: wifi_log: [Class 1 - SEND AUTH_RSP] - if="wl1", sta_mac="f6:83:c4:6c:d7:3c", bssid="44:df:65:67:89:2d", action="mlme-auth", info="send auth resp(Success)", status="0"
2026-07-02T05:48:18+03:00 XiaoQiang kernel: wifi_log: [Class 2 - RECV ASSOC] - if="wl1", sta_mac="f6:83:c4:6c:d7:3c", bssid="44:df:65:67:89:2d", action="recv-assoc", rssi="-58", Aid="1"
2026-07-02T05:48:18+03:00 XiaoQiang kernel: wifi_log: [Class 2 - SEND ASSOC RSP] - if="wl1", sta_mac="f6:83:c4:6c:d7:3c", bssid="44:df:65:67:89:2d", action="mlme-assoc", status="0", Aid="1"
2026-07-02T05:48:18+03:00 XiaoQiang kernel: wifi_log: [Class 3 - EAPOL START] - if="wl1", sta_mac="f6:83:c4:6c:d7:3c", bssid="44:df:65:67:89:2d", action="eapol-start"
2026-07-02T05:48:18+03:00 XiaoQiang kernel: wifi_log: [Class 3 - SEND EAPOL 1/4] - if="wl1", sta_mac="f6:83:c4:6c:d7:3c", bssid="44:df:65:67:89:2d", action="send-eapol"
2026-07-02T05:48:18+03:00 XiaoQiang kernel: wifi_log: [Class 3 - RECV EAPOL 2/4] - if="wl1", sta_mac="f6:83:c4:6c:d7:3c", bssid="44:df:65:67:89:2d", action="recv-eapol"
2026-07-02T05:48:19+03:00 XiaoQiang kernel: wifi_log: [Class 3 - SEND EAPOL 3/4] - if="wl1", sta_mac="f6:83:c4:6c:d7:3c", bssid="44:df:65:67:89:2d", action="send-eapol"
2026-07-02T05:48:19+03:00 XiaoQiang kernel: wifi_log: [Class 3 - EAPOL DONE] - if="wl1", sta_mac="f6:83:c4:6c:d7:3c", bssid="44:df:65:67:89:2d", action="eapol-done"
2026-07-02T05:49:21+03:00 XiaoQiang kernel: wifi_log: [RECV-AUTH] - if="wl0", sta_mac="92:76:15:ad:e9:bc", bssid="44:df:65:67:89:2e", action="recv-auth", rssi="-60", status="0"
2026-07-02T05:49:21+03:00 XiaoQiang kernel: wifi_log: [MLME-AUTH] - if="wl0", sta_mac="92:76:15:ad:e9:bc", bssid="44:df:65:67:89:2e", action="mlme-auth", status="0"
2026-07-02T05:49:21+03:00 XiaoQiang kernel: wifi_log: [RECV-ASSOC] - if="wl0", sta_mac="92:76:15:ad:e9:bc", bssid="44:df:65:67:89:2e", action="recv-assoc", rssi="-61"
2026-07-02T05:49:21+03:00 XiaoQiang kernel: wifi_log: [MLME-ASSOC] - if="wl0", sta_mac="92:76:15:ad:e9:bc", bssid="44:df:65:67:89:2e", action="mlme-assoc", status="0"
2026-07-02T05:49:21+03:00 XiaoQiang kernel: wifi_log: [SEND-EAPOL-1/4] - if="wl0", sta_mac="92:76:15:ad:e9:bc", bssid="44:df:65:67:89:2e", action="send-eapol"
2026-07-02T05:49:21+03:00 XiaoQiang kernel: wifi_log: [RECV-EAPOL-2/4] - if="wl0", sta_mac="92:76:15:ad:e9:bc", bssid="44:df:65:67:89:2e", action="recv-eapol"
2026-07-02T05:49:21+03:00 XiaoQiang kernel: wifi_log: [SEND-EAPOL-3/4] - if="wl0", sta_mac="92:76:15:ad:e9:bc", bssid="44:df:65:67:89:2e", action="send-eapol"
2026-07-02T05:49:21+03:00 XiaoQiang kernel: wifi_log: [RECV-EAPOL-4/4] - if="wl0", sta_mac="92:76:15:ad:e9:bc", bssid="44:df:65:67:89:2e", action="recv-eapol"
2026-07-02T05:49:21+03:00 XiaoQiang kernel: wifi_log: [EAPOL-DONE] - if="wl0", sta_mac="92:76:15:ad:e9:bc", bssid="44:df:65:67:89:2e", action="eapol-done"
2026-07-02T05:57:40+03:00 XiaoQiang kernel: wifi_log: [Class 2 - RECV DISASSOC] - if="wl1", sta_mac="f6:83:c4:6c:d7:3c", bssid="44:df:65:67:89:2d", action="recv-disassoc", reason="8", rssi="-64", Aid="1"
2026-07-02T05:57:45+03:00 XiaoQiang kernel: wifi_log: [RECV-AUTH] - if="wl0", sta_mac="8e:55:af:91:e4:a1", bssid="44:df:65:67:89:2e", action="recv-auth", rssi="-70", status="0"
2026-07-02T05:57:45+03:00 XiaoQiang kernel: wifi_log: [MLME-AUTH] - if="wl0", sta_mac="8e:55:af:91:e4:a1", bssid="44:df:65:67:89:2e", action="mlme-auth", status="0"
2026-07-02T05:57:45+03:00 XiaoQiang kernel: wifi_log: [RECV-ASSOC] - if="wl0", sta_mac="8e:55:af:91:e4:a1", bssid="44:df:65:67:89:2e", action="recv-assoc", rssi="-70"
2026-07-02T05:57:45+03:00 XiaoQiang kernel: wifi_log: [MLME-ASSOC] - if="wl0", sta_mac="8e:55:af:91:e4:a1", bssid="44:df:65:67:89:2e", action="mlme-assoc", status="0"
2026-07-02T05:57:46+03:00 XiaoQiang kernel: wifi_log: [SEND-EAPOL-1/4] - if="wl0", sta_mac="8e:55:af:91:e4:a1", bssid="44:df:65:67:89:2e", action="send-eapol"
2026-07-02T05:57:46+03:00 XiaoQiang kernel: wifi_log: [RECV-EAPOL-2/4] - if="wl0", sta_mac="8e:55:af:91:e4:a1", bssid="44:df:65:67:89:2e", action="recv-eapol"
2026-07-02T05:57:46+03:00 XiaoQiang kernel: wifi_log: [SEND-EAPOL-3/4] - if="wl0", sta_mac="8e:55:af:91:e4:a1", bssid="44:df:65:67:89:2e", action="send-eapol"
2026-07-02T05:57:46+03:00 XiaoQiang kernel: wifi_log: [RECV-EAPOL-4/4] - if="wl0", sta_mac="8e:55:af:91:e4:a1", bssid="44:df:65:67:89:2e", action="recv-eapol"
2026-07-02T05:57:46+03:00 XiaoQiang kernel: wifi_log: [EAPOL-DONE] - if="wl0", sta_mac="8e:55:af:91:e4:a1", bssid="44:df:65:67:89:2e", action="eapol-done"
2026-07-02T06:33:10+03:00 XiaoQiang kernel: wifi_log: [RECV-DISASSOC] - if="wl0", sta_mac="8c:85:90:2a:b2:d9", bssid="44:df:65:67:89:2e", action="recv-disassoc", reason="8", rssi="-66"
2026-07-02T06:33:10+03:00 XiaoQiang kernel: wifi_log: [RECV-DEAUTH] - if="wl0", sta_mac="8c:85:90:2a:b2:d9", bssid="44:df:65:67:89:2e", action="recv-deauth", reason="7", rssi="-67"
2026-07-02T06:33:10+03:00 XiaoQiang kernel: wifi_log: [RECV-DEAUTH] - if="wl0", sta_mac="8c:85:90:2a:b2:d9", bssid="44:df:65:67:89:2e", action="recv-deauth", reason="7", rssi="-67"
2026-07-02T06:33:10+03:00 XiaoQiang kernel: wifi_log: [RECV-DEAUTH] - if="wl0", sta_mac="8c:85:90:2a:b2:d9", bssid="44:df:65:67:89:2e", action="recv-deauth", reason="7", rssi="-67"
2026-07-02T06:33:10+03:00 XiaoQiang kernel: wifi_log: [RECV-DEAUTH] - if="wl0", sta_mac="8c:85:90:2a:b2:d9", bssid="44:df:65:67:89:2e", action="recv-deauth", reason="7", rssi="-68"
2026-07-02T06:33:10+03:00 XiaoQiang kernel: wifi_log: [RECV-DEAUTH] - if="wl0", sta_mac="8c:85:90:2a:b2:d9", bssid="44:df:65:67:89:2e", action="recv-deauth", reason="7", rssi="-67"
2026-07-02T06:33:10+03:00 XiaoQiang kernel: wifi_log: [RECV-DEAUTH] - if="wl0", sta_mac="8c:85:90:2a:b2:d9", bssid="44:df:65:67:89:2e", action="recv-deauth", reason="7", rssi="-67"
2026-07-02T06:33:10+03:00 XiaoQiang kernel: wifi_log: [RECV-DEAUTH] - if="wl0", sta_mac="8c:85:90:2a:b2:d9", bssid="44:df:65:67:89:2e", action="recv-deauth", reason="7", rssi="-68"
2026-07-02T06:35:56+03:00 XiaoQiang kernel: wifi_log: [RECV-AUTH] - if="wl0", sta_mac="8c:85:90:2a:b2:d9", bssid="44:df:65:67:89:2e", action="recv-auth", rssi="-67", status="0"
2026-07-02T06:35:56+03:00 XiaoQiang kernel: wifi_log: [MLME-AUTH] - if="wl0", sta_mac="8c:85:90:2a:b2:d9", bssid="44:df:65:67:89:2e", action="mlme-auth", status="0"
2026-07-02T06:35:56+03:00 XiaoQiang kernel: wifi_log: [RECV-ASSOC] - if="wl0", sta_mac="8c:85:90:2a:b2:d9", bssid="44:df:65:67:89:2e", action="recv-assoc", rssi="-67"
2026-07-02T06:35:56+03:00 XiaoQiang kernel: wifi_log: [MLME-ASSOC] - if="wl0", sta_mac="8c:85:90:2a:b2:d9", bssid="44:df:65:67:89:2e", action="mlme-assoc", status="0"
2026-07-02T06:35:56+03:00 XiaoQiang kernel: wifi_log: [SEND-EAPOL-1/4] - if="wl0", sta_mac="8c:85:90:2a:b2:d9", bssid="44:df:65:67:89:2e", action="send-eapol"
2026-07-02T06:35:56+03:00 XiaoQiang kernel: wifi_log: [RECV-EAPOL-2/4] - if="wl0", sta_mac="8c:85:90:2a:b2:d9", bssid="44:df:65:67:89:2e", action="recv-eapol"
2026-07-02T06:35:56+03:00 XiaoQiang kernel: wifi_log: [SEND-EAPOL-3/4] - if="wl0", sta_mac="8c:85:90:2a:b2:d9", bssid="44:df:65:67:89:2e", action="send-eapol"
2026-07-02T06:35:56+03:00 XiaoQiang kernel: wifi_log: [RECV-EAPOL-4/4] - if="wl0", sta_mac="8c:85:90:2a:b2:d9", bssid="44:df:65:67:89:2e", action="recv-eapol"
2026-07-02T06:35:56+03:00 XiaoQiang kernel: wifi_log: [EAPOL-DONE] - if="wl0", sta_mac="8c:85:90:2a:b2:d9", bssid="44:df:65:67:89:2e", action="eapol-done"
2026-07-02T06:43:23+03:00 XiaoQiang kernel: wifi_log: [RECV-DISASSOC] - if="wl0", sta_mac="8e:55:af:91:e4:a1", bssid="44:df:65:67:89:2e", action="recv-disassoc", reason="8", rssi="-61"
2026-07-02T06:43:41+03:00 XiaoQiang kernel: wifi_log: [RECV-AUTH] - if="wl0", sta_mac="8e:55:af:91:e4:a1", bssid="44:df:65:67:89:2e", action="recv-auth", rssi="-64", status="0"
2026-07-02T06:43:41+03:00 XiaoQiang kernel: wifi_log: [MLME-AUTH] - if="wl0", sta_mac="8e:55:af:91:e4:a1", bssid="44:df:65:67:89:2e", action="mlme-auth", status="0"
2026-07-02T06:43:41+03:00 XiaoQiang kernel: wifi_log: [RECV-ASSOC] - if="wl0", sta_mac="8e:55:af:91:e4:a1", bssid="44:df:65:67:89:2e", action="recv-assoc", rssi="-64"
2026-07-02T06:43:41+03:00 XiaoQiang kernel: wifi_log: [MLME-ASSOC] - if="wl0", sta_mac="8e:55:af:91:e4:a1", bssid="44:df:65:67:89:2e", action="mlme-assoc", status="0"
2026-07-02T06:43:41+03:00 XiaoQiang kernel: wifi_log: [SEND-EAPOL-1/4] - if="wl0", sta_mac="8e:55:af:91:e4:a1", bssid="44:df:65:67:89:2e", action="send-eapol"
2026-07-02T06:43:41+03:00 XiaoQiang kernel: wifi_log: [RECV-EAPOL-2/4] - if="wl0", sta_mac="8e:55:af:91:e4:a1", bssid="44:df:65:67:89:2e", action="recv-eapol"
2026-07-02T06:43:41+03:00 XiaoQiang kernel: wifi_log: [SEND-EAPOL-3/4] - if="wl0", sta_mac="8e:55:af:91:e4:a1", bssid="44:df:65:67:89:2e", action="send-eapol"
2026-07-02T06:43:41+03:00 XiaoQiang kernel: wifi_log: [RECV-EAPOL-4/4] - if="wl0", sta_mac="8e:55:af:91:e4:a1", bssid="44:df:65:67:89:2e", action="recv-eapol"
2026-07-02T06:43:41+03:00 XiaoQiang kernel: wifi_log: [EAPOL-DONE] - if="wl0", sta_mac="8e:55:af:91:e4:a1", bssid="44:df:65:67:89:2e", action="eapol-done"
2026-07-02T06:44:09+03:00 XiaoQiang kernel: wifi_log: [RECV-DISASSOC] - if="wl0", sta_mac="8e:55:af:91:e4:a1", bssid="44:df:65:67:89:2e", action="recv-disassoc", reason="8", rssi="-60"
2026-07-02T06:44:55+03:00 XiaoQiang kernel: wifi_log: [RECV-AUTH] - if="wl0", sta_mac="8e:55:af:91:e4:a1", bssid="44:df:65:67:89:2e", action="recv-auth", rssi="-65", status="0"
2026-07-02T06:44:55+03:00 XiaoQiang kernel: wifi_log: [MLME-AUTH] - if="wl0", sta_mac="8e:55:af:91:e4:a1", bssid="44:df:65:67:89:2e", action="mlme-auth", status="0"
2026-07-02T06:44:55+03:00 XiaoQiang kernel: wifi_log: [RECV-ASSOC] - if="wl0", sta_mac="8e:55:af:91:e4:a1", bssid="44:df:65:67:89:2e", action="recv-assoc", rssi="-64"
2026-07-02T06:44:55+03:00 XiaoQiang kernel: wifi_log: [MLME-ASSOC] - if="wl0", sta_mac="8e:55:af:91:e4:a1", bssid="44:df:65:67:89:2e", action="mlme-assoc", status="0"
2026-07-02T06:44:55+03:00 XiaoQiang kernel: wifi_log: [SEND-EAPOL-1/4] - if="wl0", sta_mac="8e:55:af:91:e4:a1", bssid="44:df:65:67:89:2e", action="send-eapol"
2026-07-02T06:44:55+03:00 XiaoQiang kernel: wifi_log: [RECV-EAPOL-2/4] - if="wl0", sta_mac="8e:55:af:91:e4:a1", bssid="44:df:65:67:89:2e", action="recv-eapol"
2026-07-02T06:44:55+03:00 XiaoQiang kernel: wifi_log: [SEND-EAPOL-3/4] - if="wl0", sta_mac="8e:55:af:91:e4:a1", bssid="44:df:65:67:89:2e", action="send-eapol"
2026-07-02T06:44:55+03:00 XiaoQiang kernel: wifi_log: [RECV-EAPOL-4/4] - if="wl0", sta_mac="8e:55:af:91:e4:a1", bssid="44:df:65:67:89:2e", action="recv-eapol"
2026-07-02T06:44:55+03:00 XiaoQiang kernel: wifi_log: [EAPOL-DONE] - if="wl0", sta_mac="8e:55:af:91:e4:a1", bssid="44:df:65:67:89:2e", action="eapol-done"
2026-07-02T06:46:52+03:00 XiaoQiang kernel: wifi_log: [RECV-DISASSOC] - if="wl0", sta_mac="8e:55:af:91:e4:a1", bssid="44:df:65:67:89:2e", action="recv-disassoc", reason="8", rssi="-71"
2026-07-02T06:46:57+03:00 XiaoQiang kernel: wifi_log: [RECV-AUTH] - if="wl0", sta_mac="8e:55:af:91:e4:a1", bssid="44:df:65:67:89:2e", action="recv-auth", rssi="-80", status="0"
2026-07-02T06:46:57+03:00 XiaoQiang kernel: wifi_log: [MLME-AUTH] - if="wl0", sta_mac="8e:55:af:91:e4:a1", bssid="44:df:65:67:89:2e", action="mlme-auth", status="0"
2026-07-02T06:46:57+03:00 XiaoQiang kernel: wifi_log: [RECV-ASSOC] - if="wl0", sta_mac="8e:55:af:91:e4:a1", bssid="44:df:65:67:89:2e", action="recv-assoc", rssi="-79"
2026-07-02T06:46:57+03:00 XiaoQiang kernel: wifi_log: [MLME-ASSOC] - if="wl0", sta_mac="8e:55:af:91:e4:a1", bssid="44:df:65:67:89:2e", action="mlme-assoc", status="0"
2026-07-02T06:46:57+03:00 XiaoQiang kernel: wifi_log: [SEND-EAPOL-1/4] - if="wl0", sta_mac="8e:55:af:91:e4:a1", bssid="44:df:65:67:89:2e", action="send-eapol"
2026-07-02T06:46:57+03:00 XiaoQiang kernel: wifi_log: [RECV-EAPOL-2/4] - if="wl0", sta_mac="8e:55:af:91:e4:a1", bssid="44:df:65:67:89:2e", action="recv-eapol"
2026-07-02T06:46:57+03:00 XiaoQiang kernel: wifi_log: [SEND-EAPOL-3/4] - if="wl0", sta_mac="8e:55:af:91:e4:a1", bssid="44:df:65:67:89:2e", action="send-eapol"
2026-07-02T06:46:57+03:00 XiaoQiang kernel: wifi_log: [RECV-EAPOL-4/4] - if="wl0", sta_mac="8e:55:af:91:e4:a1", bssid="44:df:65:67:89:2e", action="recv-eapol"
2026-07-02T06:46:57+03:00 XiaoQiang kernel: wifi_log: [EAPOL-DONE] - if="wl0", sta_mac="8e:55:af:91:e4:a1", bssid="44:df:65:67:89:2e", action="eapol-done"
2026-07-02T13:42:18+03:00 XiaoQiang kernel: wifi_log: [RECV-DISASSOC] - if="wl0", sta_mac="92:76:15:ad:e9:bc", bssid="44:df:65:67:89:2e", action="recv-disassoc", reason="8", rssi="-100"
2026-07-02T13:42:21+03:00 XiaoQiang kernel: wifi_log: [Class 1 - RECV AUTH] - if="wl1", sta_mac="ee:8d:a7:01:40:24", bssid="44:df:65:67:89:2d", action="recv-auth", rssi="-85", status="0"
2026-07-02T13:42:21+03:00 XiaoQiang kernel: wifi_log: [Class 1 - SEND AUTH_RSP] - if="wl1", sta_mac="ee:8d:a7:01:40:24", bssid="44:df:65:67:89:2d", action="mlme-auth", info="send auth resp(Success)", status="0"
2026-07-02T13:42:21+03:00 XiaoQiang kernel: wifi_log: [Class 2 - RECV ASSOC] - if="wl1", sta_mac="ee:8d:a7:01:40:24", bssid="44:df:65:67:89:2d", action="recv-assoc", rssi="-74", Aid="1"
2026-07-02T13:42:21+03:00 XiaoQiang kernel: wifi_log: [Class 2 - SEND ASSOC RSP] - if="wl1", sta_mac="ee:8d:a7:01:40:24", bssid="44:df:65:67:89:2d", action="mlme-assoc", status="0", Aid="1"
2026-07-02T13:42:21+03:00 XiaoQiang kernel: wifi_log: [Class 3 - EAPOL START] - if="wl1", sta_mac="ee:8d:a7:01:40:24", bssid="44:df:65:67:89:2d", action="eapol-start"
2026-07-02T13:42:21+03:00 XiaoQiang kernel: wifi_log: [Class 3 - SEND EAPOL 1/4] - if="wl1", sta_mac="ee:8d:a7:01:40:24", bssid="44:df:65:67:89:2d", action="send-eapol"
2026-07-02T13:42:21+03:00 XiaoQiang kernel: wifi_log: [Class 3 - RECV EAPOL 2/4] - if="wl1", sta_mac="ee:8d:a7:01:40:24", bssid="44:df:65:67:89:2d", action="recv-eapol"
2026-07-02T13:42:21+03:00 XiaoQiang kernel: wifi_log: [Class 3 - SEND EAPOL 3/4] - if="wl1", sta_mac="ee:8d:a7:01:40:24", bssid="44:df:65:67:89:2d", action="send-eapol"
2026-07-02T13:42:21+03:00 XiaoQiang kernel: wifi_log: [Class 3 - EAPOL DONE] - if="wl1", sta_mac="ee:8d:a7:01:40:24", bssid="44:df:65:67:89:2d", action="eapol-done"
2026-07-02T13:42:23+03:00 XiaoQiang kernel: wifi_log: [Class 2 - RECV DISASSOC] - if="wl1", sta_mac="ee:8d:a7:01:40:24", bssid="44:df:65:67:89:2d", action="recv-disassoc", reason="8", rssi="-90", Aid="1"
2026-07-02T13:51:36+03:00 XiaoQiang kernel: wifi_log: [RECV-AUTH] - if="wl0", sta_mac="92:76:15:ad:e9:bc", bssid="44:df:65:67:89:2e", action="recv-auth", rssi="-68", status="0"
2026-07-02T13:51:36+03:00 XiaoQiang kernel: wifi_log: [MLME-AUTH] - if="wl0", sta_mac="92:76:15:ad:e9:bc", bssid="44:df:65:67:89:2e", action="mlme-auth", status="0"
2026-07-02T13:51:36+03:00 XiaoQiang kernel: wifi_log: [RECV-ASSOC] - if="wl0", sta_mac="92:76:15:ad:e9:bc", bssid="44:df:65:67:89:2e", action="recv-assoc", rssi="-67"
2026-07-02T13:51:36+03:00 XiaoQiang kernel: wifi_log: [MLME-ASSOC] - if="wl0", sta_mac="92:76:15:ad:e9:bc", bssid="44:df:65:67:89:2e", action="mlme-assoc", status="0"
2026-07-02T13:51:36+03:00 XiaoQiang kernel: wifi_log: [SEND-EAPOL-1/4] - if="wl0", sta_mac="92:76:15:ad:e9:bc", bssid="44:df:65:67:89:2e", action="send-eapol"
2026-07-02T13:51:36+03:00 XiaoQiang kernel: wifi_log: [RECV-EAPOL-2/4] - if="wl0", sta_mac="92:76:15:ad:e9:bc", bssid="44:df:65:67:89:2e", action="recv-eapol"
2026-07-02T13:51:36+03:00 XiaoQiang kernel: wifi_log: [SEND-EAPOL-3/4] - if="wl0", sta_mac="92:76:15:ad:e9:bc", bssid="44:df:65:67:89:2e", action="send-eapol"
2026-07-02T13:51:36+03:00 XiaoQiang kernel: wifi_log: [RECV-EAPOL-4/4] - if="wl0", sta_mac="92:76:15:ad:e9:bc", bssid="44:df:65:67:89:2e", action="recv-eapol"
2026-07-02T13:51:36+03:00 XiaoQiang kernel: wifi_log: [EAPOL-DONE] - if="wl0", sta_mac="92:76:15:ad:e9:bc", bssid="44:df:65:67:89:2e", action="eapol-done"
2026-07-02T14:18:37+03:00 XiaoQiang kernel: wifi_log: [SEND-DEAUTH] - if="wl0", sta_mac="92:76:15:ad:e9:bc", bssid="44:df:65:67:89:2e", action="send-deauth", reason="3"
2026-07-02T14:21:09+03:00 XiaoQiang kernel: wifi_log: [RECV-AUTH] - if="wl0", sta_mac="92:76:15:ad:e9:bc", bssid="44:df:65:67:89:2e", action="recv-auth", rssi="-53", status="0"
2026-07-02T14:21:09+03:00 XiaoQiang kernel: wifi_log: [MLME-AUTH] - if="wl0", sta_mac="92:76:15:ad:e9:bc", bssid="44:df:65:67:89:2e", action="mlme-auth", status="0"
2026-07-02T14:21:09+03:00 XiaoQiang kernel: wifi_log: [RECV-ASSOC] - if="wl0", sta_mac="92:76:15:ad:e9:bc", bssid="44:df:65:67:89:2e", action="recv-assoc", rssi="-51"
2026-07-02T14:21:09+03:00 XiaoQiang kernel: wifi_log: [MLME-ASSOC] - if="wl0", sta_mac="92:76:15:ad:e9:bc", bssid="44:df:65:67:89:2e", action="mlme-assoc", status="0"
2026-07-02T14:21:09+03:00 XiaoQiang kernel: wifi_log: [SEND-EAPOL-1/4] - if="wl0", sta_mac="92:76:15:ad:e9:bc", bssid="44:df:65:67:89:2e", action="send-eapol"
2026-07-02T14:21:09+03:00 XiaoQiang kernel: wifi_log: [RECV-EAPOL-2/4] - if="wl0", sta_mac="92:76:15:ad:e9:bc", bssid="44:df:65:67:89:2e", action="recv-eapol"
2026-07-02T14:21:09+03:00 XiaoQiang kernel: wifi_log: [SEND-EAPOL-3/4] - if="wl0", sta_mac="92:76:15:ad:e9:bc", bssid="44:df:65:67:89:2e", action="send-eapol"
2026-07-02T14:21:09+03:00 XiaoQiang kernel: wifi_log: [RECV-EAPOL-4/4] - if="wl0", sta_mac="92:76:15:ad:e9:bc", bssid="44:df:65:67:89:2e", action="recv-eapol"
2026-07-02T14:21:10+03:00 XiaoQiang kernel: wifi_log: [EAPOL-DONE] - if="wl0", sta_mac="92:76:15:ad:e9:bc", bssid="44:df:65:67:89:2e", action="eapol-done"
2026-07-02T14:55:11+03:00 XiaoQiang kernel: wifi_log: [RECV-DISASSOC] - if="wl0", sta_mac="92:76:15:ad:e9:bc", bssid="44:df:65:67:89:2e", action="recv-disassoc", reason="8", rssi="-65"
2026-07-02T15:02:27+03:00 XiaoQiang kernel: wifi_log: [RECV-AUTH] - if="wl0", sta_mac="b8:87:6e:ee:8b:6c", bssid="44:df:65:67:89:2e", action="recv-auth", rssi="-50", status="0"
2026-07-02T15:02:27+03:00 XiaoQiang kernel: wifi_log: [MLME-AUTH] - if="wl0", sta_mac="b8:87:6e:ee:8b:6c", bssid="44:df:65:67:89:2e", action="mlme-auth", status="0"
2026-07-02T15:02:27+03:00 XiaoQiang kernel: wifi_log: [RECV-ASSOC] - if="wl0", sta_mac="b8:87:6e:ee:8b:6c", bssid="44:df:65:67:89:2e", action="recv-assoc", rssi="-50"
2026-07-02T15:02:27+03:00 XiaoQiang kernel: wifi_log: [MLME-ASSOC] - if="wl0", sta_mac="b8:87:6e:ee:8b:6c", bssid="44:df:65:67:89:2e", action="mlme-assoc", status="0"
2026-07-02T15:02:27+03:00 XiaoQiang kernel: wifi_log: [SEND-EAPOL-1/4] - if="wl0", sta_mac="b8:87:6e:ee:8b:6c", bssid="44:df:65:67:89:2e", action="send-eapol"
2026-07-02T15:02:27+03:00 XiaoQiang kernel: wifi_log: [RECV-EAPOL-2/4] - if="wl0", sta_mac="b8:87:6e:ee:8b:6c", bssid="44:df:65:67:89:2e", action="recv-eapol"
2026-07-02T15:02:27+03:00 XiaoQiang kernel: wifi_log: [SEND-EAPOL-3/4] - if="wl0", sta_mac="b8:87:6e:ee:8b:6c", bssid="44:df:65:67:89:2e", action="send-eapol"
2026-07-02T15:02:27+03:00 XiaoQiang kernel: wifi_log: [RECV-EAPOL-4/4] - if="wl0", sta_mac="b8:87:6e:ee:8b:6c", bssid="44:df:65:67:89:2e", action="recv-eapol"
2026-07-02T15:02:27+03:00 XiaoQiang kernel: wifi_log: [EAPOL-DONE] - if="wl0", sta_mac="b8:87:6e:ee:8b:6c", bssid="44:df:65:67:89:2e", action="eapol-done"
2026-07-02T15:23:31+03:00 XiaoQiang kernel: wifi_log: [Class 1 - RECV AUTH] - if="wl1", sta_mac="ee:8d:a7:01:40:24", bssid="44:df:65:67:89:2d", action="recv-auth", rssi="-53", status="0"
2026-07-02T15:23:31+03:00 XiaoQiang kernel: wifi_log: [Class 1 - SEND AUTH_RSP] - if="wl1", sta_mac="ee:8d:a7:01:40:24", bssid="44:df:65:67:89:2d", action="mlme-auth", info="send auth resp(Success)", status="0"
2026-07-02T15:23:31+03:00 XiaoQiang kernel: wifi_log: [Class 2 - RECV ASSOC] - if="wl1", sta_mac="ee:8d:a7:01:40:24", bssid="44:df:65:67:89:2d", action="recv-assoc", rssi="-53", Aid="1"
2026-07-02T15:23:31+03:00 XiaoQiang kernel: wifi_log: [Class 2 - SEND ASSOC RSP] - if="wl1", sta_mac="ee:8d:a7:01:40:24", bssid="44:df:65:67:89:2d", action="mlme-assoc", status="0", Aid="1"
2026-07-02T15:23:31+03:00 XiaoQiang kernel: wifi_log: [Class 3 - EAPOL START] - if="wl1", sta_mac="ee:8d:a7:01:40:24", bssid="44:df:65:67:89:2d", action="eapol-start"
2026-07-02T15:23:31+03:00 XiaoQiang kernel: wifi_log: [Class 3 - SEND EAPOL 1/4] - if="wl1", sta_mac="ee:8d:a7:01:40:24", bssid="44:df:65:67:89:2d", action="send-eapol"
2026-07-02T15:23:31+03:00 XiaoQiang kernel: wifi_log: [Class 3 - RECV EAPOL 2/4] - if="wl1", sta_mac="ee:8d:a7:01:40:24", bssid="44:df:65:67:89:2d", action="recv-eapol"
2026-07-02T15:23:31+03:00 XiaoQiang kernel: wifi_log: [Class 3 - SEND EAPOL 3/4] - if="wl1", sta_mac="ee:8d:a7:01:40:24", bssid="44:df:65:67:89:2d", action="send-eapol"
2026-07-02T15:23:31+03:00 XiaoQiang kernel: wifi_log: [Class 3 - EAPOL DONE] - if="wl1", sta_mac="ee:8d:a7:01:40:24", bssid="44:df:65:67:89:2d", action="eapol-done"
2026-07-02T15:27:35+03:00 XiaoQiang kernel: wifi_log: [Class 2 - RECV DISASSOC] - if="wl1", sta_mac="ee:8d:a7:01:40:24", bssid="44:df:65:67:89:2d", action="recv-disassoc", reason="8", rssi="-55", Aid="1"
2026-07-02T15:27:36+03:00 XiaoQiang kernel: wifi_log: [RECV-AUTH] - if="wl0", sta_mac="92:76:15:ad:e9:bc", bssid="44:df:65:67:89:2e", action="recv-auth", rssi="-67", status="0"
2026-07-02T15:27:36+03:00 XiaoQiang kernel: wifi_log: [MLME-AUTH] - if="wl0", sta_mac="92:76:15:ad:e9:bc", bssid="44:df:65:67:89:2e", action="mlme-auth", status="0"
2026-07-02T15:27:36+03:00 XiaoQiang kernel: wifi_log: [RECV-ASSOC] - if="wl0", sta_mac="92:76:15:ad:e9:bc", bssid="44:df:65:67:89:2e", action="recv-assoc", rssi="-65"
2026-07-02T15:27:36+03:00 XiaoQiang kernel: wifi_log: [MLME-ASSOC] - if="wl0", sta_mac="92:76:15:ad:e9:bc", bssid="44:df:65:67:89:2e", action="mlme-assoc", status="0"
2026-07-02T15:27:36+03:00 XiaoQiang kernel: wifi_log: [SEND-EAPOL-1/4] - if="wl0", sta_mac="92:76:15:ad:e9:bc", bssid="44:df:65:67:89:2e", action="send-eapol"
2026-07-02T15:27:36+03:00 XiaoQiang kernel: wifi_log: [RECV-EAPOL-2/4] - if="wl0", sta_mac="92:76:15:ad:e9:bc", bssid="44:df:65:67:89:2e", action="recv-eapol"
2026-07-02T15:27:36+03:00 XiaoQiang kernel: wifi_log: [SEND-EAPOL-3/4] - if="wl0", sta_mac="92:76:15:ad:e9:bc", bssid="44:df:65:67:89:2e", action="send-eapol"
2026-07-02T15:27:36+03:00 XiaoQiang kernel: wifi_log: [RECV-EAPOL-4/4] - if="wl0", sta_mac="92:76:15:ad:e9:bc", bssid="44:df:65:67:89:2e", action="recv-eapol"
2026-07-02T15:27:36+03:00 XiaoQiang kernel: wifi_log: [EAPOL-DONE] - if="wl0", sta_mac="92:76:15:ad:e9:bc", bssid="44:df:65:67:89:2e", action="eapol-done"
2026-07-02T15:51:36+03:00 XiaoQiang kernel: wifi_log: [RECV-DISASSOC] - if="wl0", sta_mac="8c:85:90:2a:b2:d9", bssid="44:df:65:67:89:2e", action="recv-disassoc", reason="8", rssi="-73"
2026-07-02T15:52:18+03:00 XiaoQiang kernel: wifi_log: [RECV-AUTH] - if="wl0", sta_mac="8c:85:90:2a:b2:d9", bssid="44:df:65:67:89:2e", action="recv-auth", rssi="-74", status="0"
2026-07-02T15:52:18+03:00 XiaoQiang kernel: wifi_log: [MLME-AUTH] - if="wl0", sta_mac="8c:85:90:2a:b2:d9", bssid="44:df:65:67:89:2e", action="mlme-auth", status="0"
2026-07-02T15:52:18+03:00 XiaoQiang kernel: wifi_log: [RECV-ASSOC] - if="wl0", sta_mac="8c:85:90:2a:b2:d9", bssid="44:df:65:67:89:2e", action="recv-assoc", rssi="-75"
2026-07-02T15:52:18+03:00 XiaoQiang kernel: wifi_log: [MLME-ASSOC] - if="wl0", sta_mac="8c:85:90:2a:b2:d9", bssid="44:df:65:67:89:2e", action="mlme-assoc", status="0"
2026-07-02T15:52:18+03:00 XiaoQiang kernel: wifi_log: [SEND-EAPOL-1/4] - if="wl0", sta_mac="8c:85:90:2a:b2:d9", bssid="44:df:65:67:89:2e", action="send-eapol"
2026-07-02T15:52:18+03:00 XiaoQiang kernel: wifi_log: [RECV-EAPOL-2/4] - if="wl0", sta_mac="8c:85:90:2a:b2:d9", bssid="44:df:65:67:89:2e", action="recv-eapol"
2026-07-02T15:52:18+03:00 XiaoQiang kernel: wifi_log: [SEND-EAPOL-3/4] - if="wl0", sta_mac="8c:85:90:2a:b2:d9", bssid="44:df:65:67:89:2e", action="send-eapol"
2026-07-02T15:52:18+03:00 XiaoQiang kernel: wifi_log: [RECV-EAPOL-4/4] - if="wl0", sta_mac="8c:85:90:2a:b2:d9", bssid="44:df:65:67:89:2e", action="recv-eapol"
2026-07-02T15:52:18+03:00 XiaoQiang kernel: wifi_log: [EAPOL-DONE] - if="wl0", sta_mac="8c:85:90:2a:b2:d9", bssid="44:df:65:67:89:2e", action="eapol-done"
