iptables-save -c =====================
# Generated by iptables-save v1.6.2 on Thu Jul  2 16:34:56 2026
*nat
:PREROUTING ACCEPT [623211:78262752]
:INPUT ACCEPT [77811:5359500]
:OUTPUT ACCEPT [100426:6697967]
:POSTROUTING ACCEPT [144:49512]
:MINIUPNPD - [0:0]
:MINIUPNPD-POSTROUTING - [0:0]
:parentalctl_nat - [0:0]
:postrouting_lan_rule - [0:0]
:postrouting_ready_rule - [0:0]
:postrouting_rule - [0:0]
:postrouting_wan_rule - [0:0]
:prerouting_lan_rule - [0:0]
:prerouting_ready_rule - [0:0]
:prerouting_rule - [0:0]
:prerouting_wan_rule - [0:0]
:zone_lan_postrouting - [0:0]
:zone_lan_prerouting - [0:0]
:zone_ready_postrouting - [0:0]
:zone_ready_prerouting - [0:0]
:zone_wan_postrouting - [0:0]
:zone_wan_prerouting - [0:0]
[623247:78271414] -A PREROUTING -m comment --comment "!fw3: Custom prerouting rule chain" -j prerouting_rule
[620592:77974165] -A PREROUTING -i br-lan -m comment --comment "!fw3" -j zone_lan_prerouting
[2655:297249] -A PREROUTING -i eth1 -m comment --comment "!fw3" -j zone_wan_prerouting
[481477:67036348] -A POSTROUTING -m comment --comment "!fw3: Custom postrouting rule chain" -j postrouting_rule
[144:49512] -A POSTROUTING -o br-lan -m comment --comment "!fw3" -j zone_lan_postrouting
[481333:66986836] -A POSTROUTING -o eth1 -m comment --comment "!fw3" -j zone_wan_postrouting
[144:49512] -A zone_lan_postrouting -m comment --comment "!fw3: Custom lan postrouting rule chain" -j postrouting_lan_rule
[620557:77965651] -A zone_lan_prerouting -j parentalctl_nat
[620592:77974165] -A zone_lan_prerouting -m comment --comment "!fw3: Custom lan prerouting rule chain" -j prerouting_lan_rule
[0:0] -A zone_ready_postrouting -m comment --comment "!fw3: Custom ready postrouting rule chain" -j postrouting_ready_rule
[0:0] -A zone_ready_prerouting -m comment --comment "!fw3: Custom ready prerouting rule chain" -j prerouting_ready_rule
[481333:66986836] -A zone_wan_postrouting -m comment --comment "!fw3: Custom wan postrouting rule chain" -j postrouting_wan_rule
[481333:66986836] -A zone_wan_postrouting -m comment --comment "!fw3" -j MASQUERADE
[2654:297101] -A zone_wan_prerouting -j MINIUPNPD
[2655:297249] -A zone_wan_prerouting -m comment --comment "!fw3: Custom wan prerouting rule chain" -j prerouting_wan_rule
COMMIT
# Completed on Thu Jul  2 16:34:56 2026
# Generated by iptables-save v1.6.2 on Thu Jul  2 16:34:56 2026
*raw
:PREROUTING ACCEPT [11480671:4322779106]
:OUTPUT ACCEPT [1035179:80150931]
:zone_lan_helper - [0:0]
:zone_ready_helper - [0:0]
[799081:48980903] -A PREROUTING -i lo -j CT --notrack
[6076833:1364365146] -A PREROUTING -i br-lan -m comment --comment "!fw3: lan CT helper assignment" -j zone_lan_helper
[799081:48980903] -A OUTPUT -o lo -j CT --notrack
COMMIT
# Completed on Thu Jul  2 16:34:56 2026
# Generated by iptables-save v1.6.2 on Thu Jul  2 16:34:56 2026
*mangle
:PREROUTING ACCEPT [11480904:4322854158]
:INPUT ACCEPT [1019675:71701254]
:FORWARD ACCEPT [10298575:4238841763]
:OUTPUT ACCEPT [1035231:80160932]
:POSTROUTING ACCEPT [11321956:4317860992]
:miqos_cg - [0:0]
:miqos_fw - [0:0]
:miqos_id - [0:0]
:miqos_io - [0:0]
:miqos_tv - [0:0]
[1019683:71703346] -A INPUT -j miqos_io
[938157:59698997] -A FORWARD -o eth1 -p tcp -m tcp --tcp-flags SYN,RST SYN -m comment --comment "!fw3: Zone wan MTU fixing" -j TCPMSS --clamp-mss-to-pmtu
[207613:12415788] -A FORWARD -i eth1 -p tcp -m tcp --tcp-flags SYN,RST SYN -m comment --comment "!fw3: Zone wan MTU fixing" -j TCPMSS --clamp-mss-to-pmtu
[10298640:4238874538] -A FORWARD -j miqos_fw
[1035235:80161156] -A OUTPUT -j miqos_io
[1024:71141] -A miqos_cg -p tcp -m mark --mark 0x0/0xf00000 -m multiport --ports 37,21:23,53,123,3389,3455,3478,5060:5063,5890:5892 -j MARK --set-xmark-return 0x100000/0xf00000
[10371:776549] -A miqos_cg -p udp -m mark --mark 0x0/0xf00000 -m multiport --ports 37,22,53,67,123,500,3455 -j MARK --set-xmark-return 0x100000/0xf00000
[229820:15176012] -A miqos_cg -p tcp -m mark --mark 0x0/0xf00000 -m multiport --ports 80,443,1710,2222,8000,8080 -j MARK --set-xmark-return 0x200000/0xf00000
[0:0] -A miqos_cg -p udp -m mark --mark 0x0/0xf00000 -m multiport --ports 2222,3389,8000,8080 -j MARK --set-xmark-return 0x200000/0xf00000
[1156:73984] -A miqos_cg -p tcp -m mark --mark 0x0/0xf00000 -m multiport --ports 25,110,139,143,220,585,993,995 -j MARK --set-xmark-return 0x300000/0xf00000
[0:0] -A miqos_cg -p udp -m mark --mark 0x0/0xf00000 -m multiport --ports 110,143,220,585,993,995 -j MARK --set-xmark-return 0x300000/0xf00000
[0:0] -A miqos_cg -p tcp -m mark --mark 0x0/0xf00000 -m multiport --ports 20,69 -j MARK --set-xmark-return 0x400000/0xf00000
[0:0] -A miqos_cg -p udp -m mark --mark 0x0/0xf00000 -m multiport --ports 445 -j MARK --set-xmark-return 0x400000/0xf00000
[10298629:4238868418] -A miqos_fw -j CONNMARK --restore-mark --nfmask 0xffff0020 --ctmask 0xffff0020
[10298618:4238859616] -A miqos_fw -j CONNMARK --save-mark --nfmask 0xffff0020 --ctmask 0xffff0020
[9906651:4177418080] -A miqos_fw -m mark ! --mark 0x0/0xff000000 -j RETURN
[391964:61441349] -A miqos_fw -m mark --mark 0x0/0xff000000 -j miqos_id
[391964:61441349] -A miqos_fw -m mark --mark 0x0/0xf00000 -j miqos_tv
[391964:61441349] -A miqos_fw -m mark --mark 0x0/0xf00000 -j miqos_cg
[391957:61439316] -A miqos_fw -m mark --mark 0x0/0xf0000 -j MARK --set-xmark 0x30000/0xf0000
[391959:61439396] -A miqos_fw -j CONNMARK --save-mark --nfmask 0xffff0020 --ctmask 0xffff0020
[391953:61439045] -A miqos_id -s 192.168.31.0/24 -j IP4MARK --addr 0 
[0:0] -A miqos_id -d 192.168.31.0/24 -j IP4MARK --addr 1 
[2054918:151864502] -A miqos_io -j CONNMARK --restore-mark --nfmask 0xffff0020 --ctmask 0xffff0020
[1870603:139284001] -A miqos_io -m mark ! --mark 0x0/0xf0000 -j RETURN
[234:16550] -A miqos_io -p tcp -m multiport --ports 22,53,123,1880:1890,5353 -j MARK --set-xmark 0x10000/0xf0000
[175740:11752800] -A miqos_io -p udp -m multiport --ports 53,123,514,1880:1890,5353 -j MARK --set-xmark 0x10000/0xf0000
[1:40] -A miqos_io -p tcp -m multiport --sports 33330:33570 -j MARK --set-xmark 0x50000/0xf0000
[8339:811035] -A miqos_io -m mark --mark 0x0/0xf0000 -j MARK --set-xmark 0x50000/0xf0000
[184313:12580349] -A miqos_io -j CONNMARK --save-mark --nfmask 0xffff0020 --ctmask 0xffff0020
COMMIT
# Completed on Thu Jul  2 16:34:56 2026
# Generated by iptables-save v1.6.2 on Thu Jul  2 16:34:56 2026
*filter
:INPUT ACCEPT [0:0]
:FORWARD DROP [0:0]
:OUTPUT ACCEPT [0:0]
:MINIUPNPD - [0:0]
:forwarding_lan_rule - [0:0]
:forwarding_ready_rule - [0:0]
:forwarding_rule - [0:0]
:forwarding_wan_rule - [0:0]
:input_lan_rule - [0:0]
:input_ready_rule - [0:0]
:input_rule - [0:0]
:input_wan_rule - [0:0]
:macfilter_input - [0:0]
:macfilter_wan - [0:0]
:output_lan_rule - [0:0]
:output_ready_rule - [0:0]
:output_rule - [0:0]
:output_wan_rule - [0:0]
:parentalctl_device_filter - [0:0]
:parentalctl_host_filter - [0:0]
:reject - [0:0]
:zone_lan_dest_ACCEPT - [0:0]
:zone_lan_forward - [0:0]
:zone_lan_input - [0:0]
:zone_lan_output - [0:0]
:zone_lan_src_ACCEPT - [0:0]
:zone_ready_dest_ACCEPT - [0:0]
:zone_ready_dest_DROP - [0:0]
:zone_ready_forward - [0:0]
:zone_ready_input - [0:0]
:zone_ready_output - [0:0]
:zone_ready_src_DROP - [0:0]
:zone_wan_dest_ACCEPT - [0:0]
:zone_wan_dest_REJECT - [0:0]
:zone_wan_forward - [0:0]
:zone_wan_input - [0:0]
:zone_wan_output - [0:0]
:zone_wan_src_REJECT - [0:0]
[799101:48982147] -A INPUT -i lo -m comment --comment "!fw3" -j ACCEPT
[220628:22730284] -A INPUT -m comment --comment "!fw3: Custom input rule chain" -j input_rule
[132467:16349936] -A INPUT -m conntrack --ctstate RELATED,ESTABLISHED -m comment --comment "!fw3" -j ACCEPT
[3414:225236] -A INPUT -m conntrack --ctstate INVALID -m comment --comment "!fw3" -j DROP
[82092:5857863] -A INPUT -i br-lan -m comment --comment "!fw3" -j zone_lan_input
[2655:297249] -A INPUT -i eth1 -m comment --comment "!fw3" -j zone_wan_input
[10298758:4239013830] -A FORWARD -m comment --comment "!fw3: Custom forwarding rule chain" -j forwarding_rule
[9324608:4028630266] -A FORWARD -m conntrack --ctstate RELATED,ESTABLISHED -m comment --comment "!fw3" -j ACCEPT
[11854:1141983] -A FORWARD -m conntrack --ctstate INVALID -m comment --comment "!fw3" -j DROP
[962296:209241581] -A FORWARD -i br-lan -m comment --comment "!fw3" -j zone_lan_forward
[0:0] -A FORWARD -i eth1 -m comment --comment "!fw3" -j zone_wan_forward
[0:0] -A FORWARD -m comment --comment "!fw3" -j reject
[799101:48982147] -A OUTPUT -o lo -m comment --comment "!fw3" -j ACCEPT
[236174:31188143] -A OUTPUT -m comment --comment "!fw3: Custom output rule chain" -j output_rule
[132396:24067669] -A OUTPUT -m conntrack --ctstate RELATED,ESTABLISHED -m comment --comment "!fw3" -j ACCEPT
[0:0] -A OUTPUT -m conntrack --ctstate INVALID -m comment --comment "!fw3" -j DROP
[859:295517] -A OUTPUT -o br-lan -m comment --comment "!fw3" -j zone_lan_output
[102919:6824957] -A OUTPUT -o eth1 -m comment --comment "!fw3" -j zone_wan_output
[10659789:4409502468] -A forwarding_rule -j macfilter_wan
[89556:6435322] -A input_lan_rule -j macfilter_input
[933:92120] -A reject -p tcp -m comment --comment "!fw3" -j REJECT --reject-with tcp-reset
[1722:205129] -A reject -m comment --comment "!fw3" -j REJECT --reject-with icmp-port-unreachable
[859:295517] -A zone_lan_dest_ACCEPT -o br-lan -m comment --comment "!fw3" -j ACCEPT
[962272:209232648] -A zone_lan_forward -j parentalctl_device_filter
[962273:209232712] -A zone_lan_forward -j parentalctl_host_filter
[962296:209241581] -A zone_lan_forward -m comment --comment "!fw3: Custom lan forwarding rule chain" -j forwarding_lan_rule
[962296:209241581] -A zone_lan_forward -m comment --comment "!fw3: Zone lan to wan forwarding policy" -j zone_wan_dest_ACCEPT
[0:0] -A zone_lan_forward -m conntrack --ctstate DNAT -m comment --comment "!fw3: Accept port forwards" -j ACCEPT
[0:0] -A zone_lan_forward -m comment --comment "!fw3" -j zone_lan_dest_ACCEPT
[82092:5857863] -A zone_lan_input -m comment --comment "!fw3: Custom lan input rule chain" -j input_lan_rule
[0:0] -A zone_lan_input -m conntrack --ctstate DNAT -m comment --comment "!fw3: Accept port redirections" -j ACCEPT
[82092:5857863] -A zone_lan_input -m comment --comment "!fw3" -j zone_lan_src_ACCEPT
[859:295517] -A zone_lan_output -m comment --comment "!fw3: Custom lan output rule chain" -j output_lan_rule
[859:295517] -A zone_lan_output -m comment --comment "!fw3" -j zone_lan_dest_ACCEPT
[82092:5857863] -A zone_lan_src_ACCEPT -i br-lan -m comment --comment "!fw3" -j ACCEPT
[0:0] -A zone_ready_forward -m comment --comment "!fw3: Custom ready forwarding rule chain" -j forwarding_ready_rule
[0:0] -A zone_ready_forward -m conntrack --ctstate DNAT -m comment --comment "!fw3: Accept port forwards" -j ACCEPT
[0:0] -A zone_ready_forward -m comment --comment "!fw3" -j zone_ready_dest_DROP
[0:0] -A zone_ready_input -m comment --comment "!fw3: Custom ready input rule chain" -j input_ready_rule
[0:0] -A zone_ready_input -p udp -m udp --sport 67:68 --dport 67:68 -m comment --comment "!fw3: DHCP for ready" -j ACCEPT
[0:0] -A zone_ready_input -m conntrack --ctstate DNAT -m comment --comment "!fw3: Accept port redirections" -j ACCEPT
[0:0] -A zone_ready_input -m comment --comment "!fw3" -j zone_ready_src_DROP
[0:0] -A zone_ready_output -m comment --comment "!fw3: Custom ready output rule chain" -j output_ready_rule
[0:0] -A zone_ready_output -p udp -m udp --sport 67:68 --dport 67:68 -m comment --comment "!fw3: DHCP for ready" -j zone_ready_dest_ACCEPT
[0:0] -A zone_ready_output -m comment --comment "!fw3" -j zone_ready_dest_DROP
[0:0] -A zone_wan_dest_ACCEPT -o eth1 -m conntrack --ctstate INVALID -m comment --comment "!fw3: Prevent NAT leakage" -j DROP
[1065215:216066538] -A zone_wan_dest_ACCEPT -o eth1 -m comment --comment "!fw3" -j ACCEPT
[0:0] -A zone_wan_dest_REJECT -o eth1 -m comment --comment "!fw3" -j reject
[0:0] -A zone_wan_forward -j MINIUPNPD
[0:0] -A zone_wan_forward -m comment --comment "!fw3: Custom wan forwarding rule chain" -j forwarding_wan_rule
[0:0] -A zone_wan_forward -m conntrack --ctstate DNAT -m comment --comment "!fw3: Accept port forwards" -j ACCEPT
[0:0] -A zone_wan_forward -m comment --comment "!fw3" -j zone_wan_dest_REJECT
[2655:297249] -A zone_wan_input -m comment --comment "!fw3: Custom wan input rule chain" -j input_wan_rule
[0:0] -A zone_wan_input -p udp -m udp --dport 68 -m comment --comment "!fw3: Allow-DHCP-Renew" -j ACCEPT
[0:0] -A zone_wan_input -p icmp -m icmp --icmp-type 8 -m comment --comment "!fw3: Allow-Ping" -j ACCEPT
[0:0] -A zone_wan_input -p tcp -m tcp --dport 51413 -m comment --comment "!fw3: ingress port for PT download" -j ACCEPT
[0:0] -A zone_wan_input -p udp -m udp --dport 51413 -m comment --comment "!fw3: ingress port for PT download" -j ACCEPT
[0:0] -A zone_wan_input -m conntrack --ctstate DNAT -m comment --comment "!fw3: Accept port redirections" -j ACCEPT
[2655:297249] -A zone_wan_input -m comment --comment "!fw3" -j zone_wan_src_REJECT
[102919:6824957] -A zone_wan_output -m comment --comment "!fw3: Custom wan output rule chain" -j output_wan_rule
[102919:6824957] -A zone_wan_output -m comment --comment "!fw3" -j zone_wan_dest_ACCEPT
[2655:297249] -A zone_wan_src_REJECT -i eth1 -m comment --comment "!fw3" -j reject
COMMIT
# Completed on Thu Jul  2 16:34:56 2026
ip6tables-save -c =====================
# Generated by ip6tables-save v1.6.2 on Thu Jul  2 16:34:56 2026
*raw
:PREROUTING ACCEPT [70417:8942847]
:OUTPUT ACCEPT [8531:898176]
COMMIT
# Completed on Thu Jul  2 16:34:56 2026
# Generated by ip6tables-save v1.6.2 on Thu Jul  2 16:34:56 2026
*nat
:PREROUTING ACCEPT [47062:7178813]
:INPUT ACCEPT [1676:158265]
:OUTPUT ACCEPT [39:4680]
:POSTROUTING ACCEPT [39:4680]
COMMIT
# Completed on Thu Jul  2 16:34:56 2026
# Generated by ip6tables-save v1.6.2 on Thu Jul  2 16:34:56 2026
*mangle
:PREROUTING ACCEPT [70417:8942847]
:INPUT ACCEPT [6802:518015]
:FORWARD ACCEPT [0:0]
:OUTPUT ACCEPT [8531:898176]
:POSTROUTING ACCEPT [8531:898176]
COMMIT
# Completed on Thu Jul  2 16:34:56 2026
# Generated by ip6tables-save v1.6.2 on Thu Jul  2 16:34:56 2026
*filter
:INPUT ACCEPT [6802:518015]
:FORWARD ACCEPT [0:0]
:OUTPUT ACCEPT [8531:898176]
COMMIT
# Completed on Thu Jul  2 16:34:56 2026
