==================qos_monitor

qdisc noqueue 0: root refcnt 2 
qdisc fq_codel 0: root refcnt 2 limit 10240p flows 1024 quantum 1514 target 5.0ms interval 100.0ms ecn 
[0m------------------------------------------------
    dev classid pri   quan      rate ceil(dir)    burst   cburst        sent     speed drop backlog parent
[0m------------------------------------------------
--------------------------------------
::::::::::::tc qdisc show dev ifb0
::::::::::::tc filter show dev ifb0
--------------------------------------
--------------------------------------
::::::::::::tc qdisc show dev br-lan
::::::::::::tc filter show dev br-lan
--------------------------------------
--------------------------------------
::::::::::::tc qdisc show dev eth1
::::::::::::tc filter show dev eth1
--------------------------------------
qdisc noqueue 0: root refcnt 2 
qdisc fq_codel 0: root refcnt 2 limit 10240p flows 1024 quantum 1514 target 5.0ms interval 100.0ms ecn 

[0m------------------------------------------------
    dev classid pri   quan      rate ceil(dir)    burst   cburst        sent     speed drop backlog parent
[0m------------------------------------------------
--------------------------------------
::::::::::::tc qdisc show dev ifb0
::::::::::::tc filter show dev ifb0
--------------------------------------
--------------------------------------
::::::::::::tc qdisc show dev br-lan
::::::::::::tc filter show dev br-lan
--------------------------------------
--------------------------------------
::::::::::::tc qdisc show dev eth1
::::::::::::tc filter show dev eth1
--------------------------------------
qdisc noqueue 0: root refcnt 2 
qdisc fq_codel 0: root refcnt 2 limit 10240p flows 1024 quantum 1514 target 5.0ms interval 100.0ms ecn 

[0m------------------------------------------------
    dev classid pri   quan      rate ceil(dir)    burst   cburst        sent     speed drop backlog parent
[0m------------------------------------------------
--------------------------------------
::::::::::::tc qdisc show dev ifb0
::::::::::::tc filter show dev ifb0
--------------------------------------
--------------------------------------
::::::::::::tc qdisc show dev br-lan
::::::::::::tc filter show dev br-lan
--------------------------------------
--------------------------------------
::::::::::::tc qdisc show dev eth1
::::::::::::tc filter show dev eth1
--------------------------------------
==================qos_monitor_hwqos
[H[J
[0m------------------------------------------------

[0m------------------------------------------------

[0m------------------------------------------------
