    trafficd hw info:
{
	"00:00:00:00:00:01": {
		"hw": "00:00:00:00:00:01",
		"parent": "",
		"ifname": "",
		"hostname": "",
		"assoc": 0,
		"offline_timer": 4087,
		"debug_uptime": 501992,
		"debug_flushtime": 501992,
		"debug_flushtime": 502197,
		"debug_now_time": 506284,
		"debug_depth": 1,
		"debug_point_rx": 0,
		"debug_point_tx": 0,
		"debug_point_time": 506284,
		"debug_del_ref": 0,
		"ip_list": [
			
		]
	},
	"10:63:C8:F7:FE:99": {
		"hw": "10:63:C8:F7:FE:99",
		"parent": "",
		"ifname": "",
		"hostname": "*",
		"assoc": 0,
		"offline_timer": 457192,
		"debug_uptime": 49094,
		"debug_flushtime": 49094,
		"debug_flushtime": 49092,
		"debug_now_time": 506284,
		"debug_depth": 1,
		"debug_point_rx": 0,
		"debug_point_tx": 0,
		"debug_point_time": 455704,
		"debug_del_ref": 0,
		"ip_list": [
			{
				"ip": "192.168.31.202",
				"hw": "10:63:C8:F7:FE:99",
				"ageing_timer": 457187,
				"rx_bytes": 165244,
				"tx_bytes": 432090,
				"rx_rate": 0,
				"tx_rate": 0,
				"max_rx_rate": 8249,
				"max_tx_rate": 30981,
				"rx_bytes_delta": 1452,
				"tx_bytes_delta": 0,
				"current_uptime": 506284,
				"last_uptime": 49097
			}
		]
	},
	"8C:85:90:2A:B2:D9": {
		"hw": "8C:85:90:2A:B2:D9",
		"parent": "",
		"ifname": "wl0",
		"hostname": "MBP-Mihail",
		"assoc": 1,
		"ageing_timer": 6,
		"online_timer": 2620,
		"wireless_ageing": 6,
		"signal": "-73",
		"noise": "-95",
		"noise_avg": "0",
		"connected_time": 0,
		"tx_rate": 30000,
		"rx_rate": 1000,
		"rx_packets": 113028,
		"tx_packets": 656280,
		"debug_uptime": 503664,
		"debug_flushtime": 506277,
		"debug_flushtime": 0,
		"debug_now_time": 506284,
		"debug_depth": 1,
		"debug_point_rx": 331186622,
		"debug_point_tx": 13402023,
		"debug_point_time": 2106,
		"debug_del_ref": 0,
		"ip_list": [
			{
				"ip": "192.168.31.129",
				"hw": "8C:85:90:2A:B2:D9",
				"ageing_timer": 1,
				"rx_bytes": 9308182193,
				"tx_bytes": 1719315403,
				"rx_rate": 121494,
				"tx_rate": 9682,
				"max_rx_rate": 12197692,
				"max_tx_rate": 2072156,
				"rx_bytes_delta": 608687,
				"tx_bytes_delta": 48510,
				"current_uptime": 506284,
				"last_uptime": 506282
			}
		]
	},
	"8E:55:AF:91:E4:A1": {
		"hw": "8E:55:AF:91:E4:A1",
		"parent": "",
		"ifname": "wl0",
		"hostname": "*",
		"assoc": 1,
		"ageing_timer": 6,
		"online_timer": 35290,
		"wireless_ageing": 6,
		"signal": "-69",
		"noise": "-95",
		"noise_avg": "0",
		"connected_time": 0,
		"tx_rate": 117000,
		"rx_rate": 1000,
		"rx_packets": 309612,
		"tx_packets": 1886354,
		"debug_uptime": 470994,
		"debug_flushtime": 506277,
		"debug_flushtime": 0,
		"debug_now_time": 506284,
		"debug_depth": 1,
		"debug_point_rx": 80886490,
		"debug_point_tx": 5339446,
		"debug_point_time": 2106,
		"debug_del_ref": 0,
		"ip_list": [
			{
				"ip": "192.168.31.119",
				"hw": "8E:55:AF:91:E4:A1",
				"ageing_timer": 1,
				"rx_bytes": 28183022380,
				"tx_bytes": 1642728889,
				"rx_rate": 2167,
				"tx_rate": 7307,
				"max_rx_rate": 11967716,
				"max_tx_rate": 594962,
				"rx_bytes_delta": 10860,
				"tx_bytes_delta": 36609,
				"current_uptime": 506284,
				"last_uptime": 506282
			}
		]
	},
	"92:76:15:AD:E9:BC": {
		"hw": "92:76:15:AD:E9:BC",
		"parent": "",
		"ifname": "wl0",
		"hostname": "*",
		"assoc": 1,
		"ageing_timer": 6,
		"online_timer": 5991,
		"wireless_ageing": 6,
		"signal": "-79",
		"noise": "-95",
		"noise_avg": "0",
		"connected_time": 0,
		"tx_rate": 72000,
		"rx_rate": 1000,
		"rx_packets": 15465,
		"tx_packets": 80420,
		"debug_uptime": 500293,
		"debug_flushtime": 506277,
		"debug_flushtime": 0,
		"debug_now_time": 506284,
		"debug_depth": 1,
		"debug_point_rx": 1722582,
		"debug_point_tx": 2473487,
		"debug_point_time": 2106,
		"debug_del_ref": 0,
		"ip_list": [
			{
				"ip": "192.168.31.174",
				"hw": "92:76:15:AD:E9:BC",
				"ageing_timer": 263,
				"rx_bytes": 9866929294,
				"tx_bytes": 2409753151,
				"rx_rate": 0,
				"tx_rate": 0,
				"max_rx_rate": 11830333,
				"max_tx_rate": 11011262,
				"rx_bytes_delta": 0,
				"tx_bytes_delta": 170,
				"current_uptime": 506284,
				"last_uptime": 506021
			}
		]
	},
	"AA:D4:38:3B:26:21": {
		"hw": "AA:D4:38:3B:26:21",
		"parent": "",
		"ifname": "",
		"hostname": "*",
		"assoc": 0,
		"offline_timer": 374060,
		"debug_uptime": 132226,
		"debug_flushtime": 132226,
		"debug_flushtime": 132224,
		"debug_now_time": 506284,
		"debug_depth": 1,
		"debug_point_rx": 0,
		"debug_point_tx": 0,
		"debug_point_time": 372904,
		"debug_del_ref": 0,
		"ip_list": [
			{
				"ip": "192.168.31.51",
				"hw": "AA:D4:38:3B:26:21",
				"ageing_timer": 374055,
				"rx_bytes": 1774601242,
				"tx_bytes": 398545412,
				"rx_rate": 0,
				"tx_rate": 0,
				"max_rx_rate": 10768286,
				"max_tx_rate": 12213427,
				"rx_bytes_delta": 120,
				"tx_bytes_delta": 4346,
				"current_uptime": 506284,
				"last_uptime": 132229
			}
		]
	},
	"B8:87:6E:EE:8B:6C": {
		"hw": "B8:87:6E:EE:8B:6C",
		"parent": "",
		"ifname": "wl0",
		"hostname": "*",
		"assoc": 1,
		"ageing_timer": 6,
		"online_timer": 5557,
		"wireless_ageing": 6,
		"signal": "-52",
		"noise": "-95",
		"noise_avg": "0",
		"connected_time": 0,
		"tx_rate": 263500,
		"rx_rate": 1000,
		"rx_packets": 26160,
		"tx_packets": 93613,
		"debug_uptime": 500727,
		"debug_flushtime": 506277,
		"debug_flushtime": 0,
		"debug_now_time": 506284,
		"debug_depth": 1,
		"debug_point_rx": 19727492,
		"debug_point_tx": 3647154,
		"debug_point_time": 2106,
		"debug_del_ref": 0,
		"ip_list": [
			{
				"ip": "192.168.31.161",
				"hw": "B8:87:6E:EE:8B:6C",
				"ageing_timer": 1,
				"rx_bytes": 882142659,
				"tx_bytes": 218654635,
				"rx_rate": 144,
				"tx_rate": 1715,
				"max_rx_rate": 6570719,
				"max_tx_rate": 130494,
				"rx_bytes_delta": 722,
				"tx_bytes_delta": 8597,
				"current_uptime": 506284,
				"last_uptime": 506282
			}
		]
	},
	"CC:B0:B3:69:24:C6": {
		"hw": "CC:B0:B3:69:24:C6",
		"parent": "",
		"ifname": "",
		"hostname": "XBOX",
		"assoc": 0,
		"offline_timer": 42341,
		"debug_uptime": 463943,
		"debug_flushtime": 463943,
		"debug_flushtime": 463943,
		"debug_now_time": 506284,
		"debug_depth": 1,
		"debug_point_rx": 0,
		"debug_point_tx": 0,
		"debug_point_time": 41708,
		"debug_del_ref": 0,
		"ip_list": [
			{
				"ip": "192.168.31.189",
				"hw": "CC:B0:B3:69:24:C6",
				"ageing_timer": 42341,
				"rx_bytes": 175680512507,
				"tx_bytes": 2490444126,
				"rx_rate": 0,
				"tx_rate": 0,
				"max_rx_rate": 12176687,
				"max_tx_rate": 484467,
				"rx_bytes_delta": 40,
				"tx_bytes_delta": 0,
				"current_uptime": 506284,
				"last_uptime": 463943
			}
		]
	},
	"EE:8D:A7:01:40:24": {
		"hw": "EE:8D:A7:01:40:24",
		"parent": "",
		"ifname": "",
		"hostname": "*",
		"assoc": 0,
		"offline_timer": 4052,
		"debug_uptime": 502237,
		"debug_flushtime": 502237,
		"debug_flushtime": 502232,
		"debug_now_time": 506284,
		"debug_depth": 1,
		"debug_point_rx": 0,
		"debug_point_tx": 0,
		"debug_point_time": 2106,
		"debug_del_ref": 0,
		"ip_list": [
			{
				"ip": "192.168.31.44",
				"hw": "EE:8D:A7:01:40:24",
				"ageing_timer": 4047,
				"rx_bytes": 400152527,
				"tx_bytes": 264575651,
				"rx_rate": 0,
				"tx_rate": 0,
				"max_rx_rate": 2381135,
				"max_tx_rate": 4043987,
				"rx_bytes_delta": 174,
				"tx_bytes_delta": 0,
				"current_uptime": 506284,
				"last_uptime": 502237
			}
		]
	},
	"F6:83:C4:6C:D7:3C": {
		"hw": "F6:83:C4:6C:D7:3C",
		"parent": "",
		"ifname": "",
		"hostname": "*",
		"assoc": 0,
		"offline_timer": 38245,
		"debug_uptime": 468041,
		"debug_flushtime": 468041,
		"debug_flushtime": 468039,
		"debug_now_time": 506284,
		"debug_depth": 1,
		"debug_point_rx": 0,
		"debug_point_tx": 0,
		"debug_point_time": 38104,
		"debug_del_ref": 0,
		"ip_list": [
			{
				"ip": "192.168.31.143",
				"hw": "F6:83:C4:6C:D7:3C",
				"ageing_timer": 38240,
				"rx_bytes": 1822650423,
				"tx_bytes": 76269767,
				"rx_rate": 0,
				"tx_rate": 0,
				"max_rx_rate": 3536624,
				"max_tx_rate": 176974,
				"rx_bytes_delta": 76,
				"tx_bytes_delta": 0,
				"current_uptime": 506284,
				"last_uptime": 468044
			}
		]
	},
	"hw_count": 10
}
    trafficd ip info:
{
	"192.168.31.119": {
		"ip": "192.168.31.119",
		"hw": "8E:55:AF:91:E4:A1",
		"ageing_timer": 1,
		"rx_bytes": 28183022380,
		"tx_bytes": 1642728889,
		"rx_rate": 2167,
		"tx_rate": 7307,
		"max_rx_rate": 11967716,
		"max_tx_rate": 594962,
		"rx_bytes_delta": 10860,
		"tx_bytes_delta": 36609,
		"current_uptime": 506284,
		"last_uptime": 506282
	},
	"192.168.31.129": {
		"ip": "192.168.31.129",
		"hw": "8C:85:90:2A:B2:D9",
		"ageing_timer": 1,
		"rx_bytes": 9308182193,
		"tx_bytes": 1719315403,
		"rx_rate": 121494,
		"tx_rate": 9682,
		"max_rx_rate": 12197692,
		"max_tx_rate": 2072156,
		"rx_bytes_delta": 608687,
		"tx_bytes_delta": 48510,
		"current_uptime": 506284,
		"last_uptime": 506282
	},
	"192.168.31.143": {
		"ip": "192.168.31.143",
		"hw": "F6:83:C4:6C:D7:3C",
		"ageing_timer": 38240,
		"rx_bytes": 1822650423,
		"tx_bytes": 76269767,
		"rx_rate": 0,
		"tx_rate": 0,
		"max_rx_rate": 3536624,
		"max_tx_rate": 176974,
		"rx_bytes_delta": 76,
		"tx_bytes_delta": 0,
		"current_uptime": 506284,
		"last_uptime": 468044
	},
	"192.168.31.161": {
		"ip": "192.168.31.161",
		"hw": "B8:87:6E:EE:8B:6C",
		"ageing_timer": 1,
		"rx_bytes": 882142659,
		"tx_bytes": 218654635,
		"rx_rate": 144,
		"tx_rate": 1715,
		"max_rx_rate": 6570719,
		"max_tx_rate": 130494,
		"rx_bytes_delta": 722,
		"tx_bytes_delta": 8597,
		"current_uptime": 506284,
		"last_uptime": 506282
	},
	"192.168.31.174": {
		"ip": "192.168.31.174",
		"hw": "92:76:15:AD:E9:BC",
		"ageing_timer": 263,
		"rx_bytes": 9866929294,
		"tx_bytes": 2409753151,
		"rx_rate": 0,
		"tx_rate": 0,
		"max_rx_rate": 11830333,
		"max_tx_rate": 11011262,
		"rx_bytes_delta": 0,
		"tx_bytes_delta": 170,
		"current_uptime": 506284,
		"last_uptime": 506021
	},
	"192.168.31.189": {
		"ip": "192.168.31.189",
		"hw": "CC:B0:B3:69:24:C6",
		"ageing_timer": 42341,
		"rx_bytes": 175680512507,
		"tx_bytes": 2490444126,
		"rx_rate": 0,
		"tx_rate": 0,
		"max_rx_rate": 12176687,
		"max_tx_rate": 484467,
		"rx_bytes_delta": 40,
		"tx_bytes_delta": 0,
		"current_uptime": 506284,
		"last_uptime": 463943
	},
	"192.168.31.202": {
		"ip": "192.168.31.202",
		"hw": "10:63:C8:F7:FE:99",
		"ageing_timer": 457187,
		"rx_bytes": 165244,
		"tx_bytes": 432090,
		"rx_rate": 0,
		"tx_rate": 0,
		"max_rx_rate": 8249,
		"max_tx_rate": 30981,
		"rx_bytes_delta": 1452,
		"tx_bytes_delta": 0,
		"current_uptime": 506284,
		"last_uptime": 49097
	},
	"192.168.31.44": {
		"ip": "192.168.31.44",
		"hw": "EE:8D:A7:01:40:24",
		"ageing_timer": 4047,
		"rx_bytes": 400152527,
		"tx_bytes": 264575651,
		"rx_rate": 0,
		"tx_rate": 0,
		"max_rx_rate": 2381135,
		"max_tx_rate": 4043987,
		"rx_bytes_delta": 174,
		"tx_bytes_delta": 0,
		"current_uptime": 506284,
		"last_uptime": 502237
	},
	"192.168.31.51": {
		"ip": "192.168.31.51",
		"hw": "AA:D4:38:3B:26:21",
		"ageing_timer": 374055,
		"rx_bytes": 1774601242,
		"tx_bytes": 398545412,
		"rx_rate": 0,
		"tx_rate": 0,
		"max_rx_rate": 10768286,
		"max_tx_rate": 12213427,
		"rx_bytes_delta": 120,
		"tx_bytes_delta": 4346,
		"current_uptime": 506284,
		"last_uptime": 132229
	}
}
    tbus list:
